[    0.000000] Linux version 4.15.0-194-generic (buildd@lcy02-amd64-052) (gcc version 7.5.0 (Ubuntu 7.5.0-3ubuntu1~18.04)) #205-Ubuntu SMP Fri Sep 16 19:49:27 UTC 2022 (Ubuntu 4.15.0-194.205-generic 4.15.18)
[    0.000000] Command line: BOOT_IMAGE=/boot/vmlinuz-4.15.0-194-generic root=LABEL=cloudimg-rootfs ro console=tty1 console=ttyS0
[    0.000000] KERNEL supported cpus:
[    0.000000]   Intel GenuineIntel
[    0.000000]   AMD AuthenticAMD
[    0.000000]   Centaur CentaurHauls
[    0.000000] x86/fpu: Supporting XSAVE feature 0x001: 'x87 floating point registers'
[    0.000000] x86/fpu: Supporting XSAVE feature 0x002: 'SSE registers'
[    0.000000] x86/fpu: Supporting XSAVE feature 0x004: 'AVX registers'
[    0.000000] x86/fpu: xstate_offset[2]:  576, xstate_sizes[2]:  256
[    0.000000] x86/fpu: Enabled xstate features 0x7, context size is 832 bytes, using 'standard' format.
[    0.000000] e820: BIOS-provided physical RAM map:
[    0.000000] BIOS-e820: [mem 0x0000000000000000-0x000000000009fbff] usable
[    0.000000] BIOS-e820: [mem 0x000000000009fc00-0x000000000009ffff] reserved
[    0.000000] BIOS-e820: [mem 0x00000000000f0000-0x00000000000fffff] reserved
[    0.000000] BIOS-e820: [mem 0x0000000000100000-0x000000007ffeffff] usable
[    0.000000] BIOS-e820: [mem 0x000000007fff0000-0x000000007fffffff] ACPI data
[    0.000000] BIOS-e820: [mem 0x00000000fec00000-0x00000000fec00fff] reserved
[    0.000000] BIOS-e820: [mem 0x00000000fee00000-0x00000000fee00fff] reserved
[    0.000000] BIOS-e820: [mem 0x00000000fffc0000-0x00000000ffffffff] reserved
[    0.000000] NX (Execute Disable) protection: active
[    0.000000] SMBIOS 2.5 present.
[    0.000000] DMI: innotek GmbH VirtualBox/VirtualBox, BIOS VirtualBox 12/01/2006
[    0.000000] Hypervisor detected: KVM
[    0.000000] e820: last_pfn = 0x7fff0 max_arch_pfn = 0x400000000
[    0.000000] MTRR: Disabled
[    0.000000] x86/PAT: MTRRs disabled, skipping PAT initialization too.
[    0.000000] CPU MTRRs all blank - virtualized system.
[    0.000000] x86/PAT: Configuration [0-7]: WB  WT  UC- UC  WB  WT  UC- UC  
[    0.000000] found SMP MP-table at [mem 0x0009fff0-0x0009ffff]
[    0.000000] Scanning 1 areas for low memory corruption
[    0.000000] RAMDISK: [mem 0x359cb000-0x36cdcfff]
[    0.000000] ACPI: Early table checksum verification disabled
[    0.000000] ACPI: RSDP 0x00000000000E0000 000024 (v02 VBOX  )
[    0.000000] ACPI: XSDT 0x000000007FFF0030 00003C (v01 VBOX   VBOXXSDT 00000001 ASL  00000061)
[    0.000000] ACPI: FACP 0x000000007FFF00F0 0000F4 (v04 VBOX   VBOXFACP 00000001 ASL  00000061)
[    0.000000] ACPI: DSDT 0x000000007FFF0610 002353 (v02 VBOX   VBOXBIOS 00000002 INTL 20200528)
[    0.000000] ACPI: FACS 0x000000007FFF0200 000040
[    0.000000] ACPI: FACS 0x000000007FFF0200 000040
[    0.000000] ACPI: APIC 0x000000007FFF0240 00005C (v02 VBOX   VBOXAPIC 00000001 ASL  00000061)
[    0.000000] ACPI: SSDT 0x000000007FFF02A0 00036C (v01 VBOX   VBOXCPUT 00000002 INTL 20200528)
[    0.000000] ACPI: Reserving FACP table memory at [mem 0x7fff00f0-0x7fff01e3]
[    0.000000] ACPI: Reserving DSDT table memory at [mem 0x7fff0610-0x7fff2962]
[    0.000000] ACPI: Reserving FACS table memory at [mem 0x7fff0200-0x7fff023f]
[    0.000000] ACPI: Reserving FACS table memory at [mem 0x7fff0200-0x7fff023f]
[    0.000000] ACPI: Reserving APIC table memory at [mem 0x7fff0240-0x7fff029b]
[    0.000000] ACPI: Reserving SSDT table memory at [mem 0x7fff02a0-0x7fff060b]
[    0.000000] No NUMA configuration found
[    0.000000] Faking a node at [mem 0x0000000000000000-0x000000007ffeffff]
[    0.000000] NODE_DATA(0) allocated [mem 0x7ffc5000-0x7ffeffff]
[    0.000000] kvm-clock: cpu 0, msr 0:7ff44001, primary cpu clock
[    0.000000] kvm-clock: Using msrs 4b564d01 and 4b564d00
[    0.000000] kvm-clock: using sched offset of 3564755323 cycles
[    0.000000] clocksource: kvm-clock: mask: 0xffffffffffffffff max_cycles: 0x1cd42e4dffb, max_idle_ns: 881590591483 ns
[    0.000000] Zone ranges:
[    0.000000]   DMA      [mem 0x0000000000001000-0x0000000000ffffff]
[    0.000000]   DMA32    [mem 0x0000000001000000-0x000000007ffeffff]
[    0.000000]   Normal   empty
[    0.000000]   Device   empty
[    0.000000] Movable zone start for each node
[    0.000000] Early memory node ranges
[    0.000000]   node   0: [mem 0x0000000000001000-0x000000000009efff]
[    0.000000]   node   0: [mem 0x0000000000100000-0x000000007ffeffff]
[    0.000000] Reserved but unavailable: 104 pages
[    0.000000] Initmem setup node 0 [mem 0x0000000000001000-0x000000007ffeffff]
[    0.000000] ACPI: PM-Timer IO Port: 0x4008
[    0.000000] IOAPIC[0]: apic_id 2, version 32, address 0xfec00000, GSI 0-23
[    0.000000] ACPI: INT_SRC_OVR (bus 0 bus_irq 0 global_irq 2 dfl dfl)
[    0.000000] ACPI: INT_SRC_OVR (bus 0 bus_irq 9 global_irq 9 low level)
[    0.000000] Using ACPI (MADT) for SMP configuration information
[    0.000000] smpboot: Allowing 2 CPUs, 0 hotplug CPUs
[    0.000000] PM: Registered nosave memory: [mem 0x00000000-0x00000fff]
[    0.000000] PM: Registered nosave memory: [mem 0x0009f000-0x0009ffff]
[    0.000000] PM: Registered nosave memory: [mem 0x000a0000-0x000effff]
[    0.000000] PM: Registered nosave memory: [mem 0x000f0000-0x000fffff]
[    0.000000] e820: [mem 0x80000000-0xfebfffff] available for PCI devices
[    0.000000] Booting paravirtualized kernel on KVM
[    0.000000] clocksource: refined-jiffies: mask: 0xffffffff max_cycles: 0xffffffff, max_idle_ns: 7645519600211568 ns
[    0.000000] setup_percpu: NR_CPUS:8192 nr_cpumask_bits:2 nr_cpu_ids:2 nr_node_ids:1
[    0.000000] percpu: Embedded 50 pages/cpu s167936 r8192 d28672 u1048576
[    0.000000] PV qspinlock hash table entries: 256 (order: 0, 4096 bytes)
[    0.000000] Built 1 zonelists, mobility grouping on.  Total pages: 515961
[    0.000000] Policy zone: DMA32
[    0.000000] Kernel command line: BOOT_IMAGE=/boot/vmlinuz-4.15.0-194-generic root=LABEL=cloudimg-rootfs ro console=tty1 console=ttyS0
[    0.000000] Memory: 2014844K/2096696K available (12300K kernel code, 2477K rwdata, 4320K rodata, 2472K init, 2720K bss, 81852K reserved, 0K cma-reserved)
[    0.000000] SLUB: HWalign=64, Order=0-3, MinObjects=0, CPUs=2, Nodes=1
[    0.000000] Kernel/User page tables isolation: enabled
[    0.000000] ftrace: allocating 39477 entries in 155 pages
[    0.004000] Hierarchical RCU implementation.
[    0.004000] 	RCU restricting CPUs from NR_CPUS=8192 to nr_cpu_ids=2.
[    0.004000] 	Tasks RCU enabled.
[    0.004000] RCU: Adjusting geometry for rcu_fanout_leaf=16, nr_cpu_ids=2
[    0.004000] NR_IRQS: 524544, nr_irqs: 440, preallocated irqs: 16
[    0.004000] random: crng init done
[    0.004000] Console: colour VGA+ 80x25
[    0.004000] console [tty1] enabled
[    0.004000] console [ttyS0] enabled
[    0.004000] ACPI: Core revision 20170831
[    0.004000] ACPI: 2 ACPI AML tables successfully acquired and loaded
[    0.004000] APIC: Switch to symmetric I/O mode setup
[    0.004346] x2apic enabled
[    0.007625] Switched APIC routing to physical x2apic.
[    0.012000] ..TIMER: vector=0x30 apic1=0 pin1=2 apic2=-1 pin2=-1
[    0.012003] tsc: Detected 1397.075 MHz processor
[    0.016011] Calibrating delay loop (skipped) preset value.. 2794.15 BogoMIPS (lpj=5588300)
[    0.020003] pid_max: default: 32768 minimum: 301
[    0.022782] Security Framework initialized
[    0.024003] Yama: becoming mindful.
[    0.028041] AppArmor: AppArmor initialized
[    0.033777] Dentry cache hash table entries: 262144 (order: 9, 2097152 bytes)
[    0.037433] Inode-cache hash table entries: 131072 (order: 8, 1048576 bytes)
[    0.040053] Mount-cache hash table entries: 4096 (order: 3, 32768 bytes)
[    0.044047] Mountpoint-cache hash table entries: 4096 (order: 3, 32768 bytes)
[    0.052003] Last level iTLB entries: 4KB 64, 2MB 8, 4MB 8
[    0.055144] Last level dTLB entries: 4KB 64, 2MB 0, 4MB 0, 1GB 4
[    0.056017] Spectre V1 : Mitigation: usercopy/swapgs barriers and __user pointer sanitization
[    0.060002] Spectre V2 : Mitigation: Retpolines
[    0.064002] Spectre V2 : Spectre v2 / SpectreRSB mitigation: Filling RSB on context switch
[    0.068002] Speculative Store Bypass: Vulnerable
[    0.072104] MDS: Mitigation: Clear CPU buffers
[    0.076002] MMIO Stale Data: Mitigation: Clear CPU buffers
[    0.079196] SRBDS: Unknown: Dependent on hypervisor status
[    0.080178] Freeing SMP alternatives memory: 36K
[    0.198024] APIC calibration not consistent with PM-Timer: 101ms instead of 100ms
[    0.200000] APIC delta adjusted to PM-Timer: 6262004 (6338645)
[    0.200219] smpboot: CPU0: Intel(R) Core(TM) i5-8257U CPU @ 1.40GHz (family: 0x6, model: 0x8e, stepping: 0xa)
[    0.204278] Performance Events: unsupported p6 CPU model 142 no PMU driver, software events only.
[    0.208075] Hierarchical SRCU implementation.
[    0.212632] NMI watchdog: Perf event create on CPU 0 failed with -2
[    0.216002] NMI watchdog: Perf NMI watchdog permanently disabled
[    0.220118] smp: Bringing up secondary CPUs ...
[    0.224364] x86: Booting SMP configuration:
[    0.226883] .... node  #0, CPUs:      #1
[    0.004000] kvm-clock: cpu 1, msr 0:7ff44041, secondary cpu clock
[    0.232142] smp: Brought up 1 node, 2 CPUs
[    0.234597] smpboot: Max logical packages: 1
[    0.236005] smpboot: Total of 2 processors activated (5588.30 BogoMIPS)
[    0.240260] devtmpfs: initialized
[    0.242217] x86/mm: Memory block size: 128MB
[    0.244309] evm: security.selinux
[    0.246309] evm: security.SMACK64
[    0.248002] evm: security.SMACK64EXEC
[    0.250191] evm: security.SMACK64TRANSMUTE
[    0.252003] evm: security.SMACK64MMAP
[    0.254228] evm: security.apparmor
[    0.256002] evm: security.ima
[    0.257834] evm: security.capability
[    0.260244] clocksource: jiffies: mask: 0xffffffff max_cycles: 0xffffffff, max_idle_ns: 7645041785100000 ns
[    0.264033] futex hash table entries: 512 (order: 3, 32768 bytes)
[    0.268093] pinctrl core: initialized pinctrl subsystem
[    0.272351] RTC time:  0:24:09, date: 11/05/22
[    0.276336] NET: Registered protocol family 16
[    0.280097] audit: initializing netlink subsys (disabled)
[    0.284004] audit: type=2000 audit(1667607854.532:1): state=initialized audit_enabled=0 res=1
[    0.288006] cpuidle: using governor ladder
[    0.290694] cpuidle: using governor menu
[    0.292032] ACPI: bus type PCI registered
[    0.294438] acpiphp: ACPI Hot Plug PCI Controller Driver version: 0.5
[    0.296318] PCI: Using configuration type 1 for base access
[    0.304117] HugeTLB registered 2.00 MiB page size, pre-allocated 0 pages
[    0.308181] ACPI: Added _OSI(Module Device)
[    0.312021] ACPI: Added _OSI(Processor Device)
[    0.314669] ACPI: Added _OSI(3.0 _SCP Extensions)
[    0.316011] ACPI: Added _OSI(Processor Aggregator Device)
[    0.320003] ACPI: Added _OSI(Linux-Dell-Video)
[    0.324003] ACPI: Added _OSI(Linux-Lenovo-NV-HDMI-Audio)
[    0.327144] ACPI: Added _OSI(Linux-HPI-Hybrid-Graphics)
[    0.328639] ACPI: Executed 1 blocks of module-level executable AML code
[    0.337948] ACPI: Interpreter enabled
[    0.340012] ACPI: (supports S0 S5)
[    0.342124] ACPI: Using IOAPIC for interrupt routing
[    0.344361] PCI: Using host bridge windows from ACPI; if necessary, use "pci=nocrs" and report a bug
[    0.348214] ACPI: Enabled 2 GPEs in block 00 to 07
[    0.363371] ACPI: PCI Root Bridge [PCI0] (domain 0000 [bus 00-ff])
[    0.364007] acpi PNP0A03:00: _OSC: OS supports [ASPM ClockPM Segments MSI]
[    0.368694] acpi PNP0A03:00: _OSC: not requesting OS control; OS requires [ExtendedConfig ASPM ClockPM MSI]
[    0.372010] acpi PNP0A03:00: fail to add MMCONFIG information, can't access extended PCI configuration space under this bridge.
[    0.376629] PCI host bridge to bus 0000:00
[    0.380003] pci_bus 0000:00: root bus resource [io  0x0000-0x0cf7 window]
[    0.384003] pci_bus 0000:00: root bus resource [io  0x0d00-0xffff window]
[    0.388003] pci_bus 0000:00: root bus resource [mem 0x000a0000-0x000bffff window]
[    0.392003] pci_bus 0000:00: root bus resource [mem 0x80000000-0xfdffffff window]
[    0.396003] pci_bus 0000:00: root bus resource [bus 00-ff]
[    0.406830] pci 0000:00:01.1: legacy IDE quirk: reg 0x10: [io  0x01f0-0x01f7]
[    0.408008] pci 0000:00:01.1: legacy IDE quirk: reg 0x14: [io  0x03f6]
[    0.412005] pci 0000:00:01.1: legacy IDE quirk: reg 0x18: [io  0x0170-0x0177]
[    0.416003] pci 0000:00:01.1: legacy IDE quirk: reg 0x1c: [io  0x0376]
[    0.482595] pci 0000:00:07.0: quirk: [io  0x4000-0x403f] claimed by PIIX4 ACPI
[    0.484035] pci 0000:00:07.0: quirk: [io  0x4100-0x410f] claimed by PIIX4 SMB
[    0.504144] ACPI: PCI Interrupt Link [LNKA] (IRQs 5 9 10 *11)
[    0.508000] ACPI: PCI Interrupt Link [LNKB] (IRQs 5 9 *10 11)
[    0.512078] ACPI: PCI Interrupt Link [LNKC] (IRQs 5 *9 10 11)
[    0.515778] ACPI: PCI Interrupt Link [LNKD] (IRQs 5 9 10 *11)
[    0.516550] SCSI subsystem initialized
[    0.520123] pci 0000:00:02.0: vgaarb: setting as boot VGA device
[    0.523649] pci 0000:00:02.0: vgaarb: VGA device added: decodes=io+mem,owns=io+mem,locks=none
[    0.524010] pci 0000:00:02.0: vgaarb: bridge control possible
[    0.528006] vgaarb: loaded
[    0.529799] ACPI: bus type USB registered
[    0.532041] usbcore: registered new interface driver usbfs
[    0.536028] usbcore: registered new interface driver hub
[    0.540019] usbcore: registered new device driver usb
[    0.544038] EDAC MC: Ver: 3.0.0
[    0.546550] PCI: Using ACPI for IRQ routing
[    0.548596] NetLabel: Initializing
[    0.552002] NetLabel:  domain hash size = 128
[    0.554566] NetLabel:  protocols = UNLABELED CIPSOv4 CALIPSO
[    0.556017] NetLabel:  unlabeled traffic allowed by default
[    0.560172] clocksource: Switched to clocksource kvm-clock
[    0.582832] VFS: Disk quotas dquot_6.6.0
[    0.585291] VFS: Dquot-cache hash table entries: 512 (order 0, 4096 bytes)
[    0.589609] AppArmor: AppArmor Filesystem Enabled
[    0.592909] pnp: PnP ACPI init
[    0.596720] pnp: PnP ACPI: found 3 devices
[    0.615096] clocksource: acpi_pm: mask: 0xffffff max_cycles: 0xffffff, max_idle_ns: 2085701024 ns
[    0.620255] NET: Registered protocol family 2
[    0.623211] IP idents hash table entries: 32768 (order: 6, 262144 bytes)
[    0.627536] TCP established hash table entries: 16384 (order: 5, 131072 bytes)
[    0.631939] TCP bind hash table entries: 16384 (order: 6, 262144 bytes)
[    0.636082] TCP: Hash tables configured (established 16384 bind 16384)
[    0.640057] UDP hash table entries: 1024 (order: 3, 32768 bytes)
[    0.643619] UDP-Lite hash table entries: 1024 (order: 3, 32768 bytes)
[    0.647419] NET: Registered protocol family 1
[    0.650088] pci 0000:00:00.0: Limiting direct PCI/PCI transfers
[    0.654350] pci 0000:00:01.0: Activating ISA DMA hang workarounds
[    0.658088] pci 0000:00:02.0: Video device with shadowed ROM at [mem 0x000c0000-0x000dffff]
[    0.663683] Unpacking initramfs...
[    0.989780] Freeing initrd memory: 19528K
[    0.993014] clocksource: tsc: mask: 0xffffffffffffffff max_cycles: 0x1423552d03c, max_idle_ns: 440795258602 ns
[    0.998942] platform rtc_cmos: registered platform RTC device (no PNP device found)
[    1.003508] Scanning for low memory corruption every 60 seconds
[    1.008517] Initialise system trusted keyrings
[    1.011137] Key type blacklist registered
[    1.013872] workingset: timestamp_bits=36 max_order=19 bucket_order=0
[    1.019151] zbud: loaded
[    1.021582] squashfs: version 4.0 (2009/01/31) Phillip Lougher
[    1.025958] fuse init (API version 7.26)
[    1.038879] Key type asymmetric registered
[    1.041509] Asymmetric key parser 'x509' registered
[    1.044969] Block layer SCSI generic (bsg) driver version 0.4 loaded (major 246)
[    1.049515] io scheduler noop registered
[    1.052314] io scheduler deadline registered
[    1.054980] io scheduler cfq registered (default)
[    1.058537] ACPI: AC Adapter [AC] (on-line)
[    1.061484] input: Power Button as /devices/LNXSYSTM:00/LNXPWRBN:00/input/input0
[    1.065869] ACPI: Power Button [PWRF]
[    1.068328] input: Sleep Button as /devices/LNXSYSTM:00/LNXSLPBN:00/input/input1
[    1.073522] ACPI: Sleep Button [SLPF]
[    1.077735] ACPI: Battery Slot [BAT0] (battery present)
[    1.080563] Serial: 8250/16550 driver, 32 ports, IRQ sharing enabled
[    1.110727] 00:02: ttyS0 at I/O 0x3f8 (irq = 4, base_baud = 115200) is a 16550A
[    1.114041] Linux agpgart interface v0.103
[    1.121420] loop: module loaded
[    1.125445] scsi host0: ata_piix
[    1.128135] scsi host1: ata_piix
[    1.130377] ata1: PATA max UDMA/33 cmd 0x1f0 ctl 0x3f6 bmdma 0xd000 irq 14
[    1.132059] ata2: PATA max UDMA/33 cmd 0x170 ctl 0x376 bmdma 0xd008 irq 15
[    1.138963] tun: Universal TUN/TAP device driver, 1.6
[    1.142501] PPP generic driver version 2.4.2
[    1.145584] ehci_hcd: USB 2.0 'Enhanced' Host Controller (EHCI) Driver
[    1.149487] ehci-pci: EHCI PCI platform driver
[    1.152537] ehci-platform: EHCI generic platform driver
[    1.155833] ohci_hcd: USB 1.1 'Open' Host Controller (OHCI) Driver
[    1.156504] ohci-pci: OHCI PCI platform driver
[    1.162889] ohci-platform: OHCI generic platform driver
[    1.166569] uhci_hcd: USB Universal Host Controller Interface driver
[    1.171048] i8042: PNP: PS/2 Controller [PNP0303:PS2K,PNP0f03:PS2M] at 0x60,0x64 irq 1,12
[    1.178622] serio: i8042 KBD port at 0x60,0x64 irq 1
[    1.182220] serio: i8042 AUX port at 0x60,0x64 irq 12
[    1.185943] mousedev: PS/2 mouse device common for all mice
[    1.190797] input: AT Translated Set 2 keyboard as /devices/platform/i8042/serio0/input/input2
[    1.198173] rtc_cmos rtc_cmos: rtc core: registered rtc_cmos as rtc0
[    1.202510] rtc_cmos rtc_cmos: alarms up to one day, 114 bytes nvram
[    1.206773] i2c /dev entries driver
[    1.209070] device-mapper: uevent: version 1.0.3
[    1.212184] device-mapper: ioctl: 4.37.0-ioctl (2017-09-20) initialised: dm-devel@redhat.com
[    1.217891] ledtrig-cpu: registered to indicate activity on CPUs
[    1.223079] NET: Registered protocol family 10
[    1.230634] Segment Routing with IPv6
[    1.232951] NET: Registered protocol family 17
[    1.236011] Key type dns_resolver registered
[    1.239223] mce: Using 0 MCE banks
[    1.241529] RAS: Correctable Errors collector initialized.
[    1.244771] sched_clock: Marking stable (1244739901, 0)->(1732315208, -487575307)
[    1.250967] registered taskstats version 1
[    1.253487] Loading compiled-in X.509 certificates
[    1.260733] Loaded X.509 cert 'Build time autogenerated kernel key: 6303a3b02fa1c7713b8a75ba7ba622fabd5dd271'
[    1.266764] Loaded X.509 cert 'Canonical Ltd. Live Patch Signing: 14df34d1a87cf37625abec039ef2bf521249b969'
[    1.273200] Loaded X.509 cert 'Canonical Ltd. Kernel Module Signing: 88f752e560a1e0737e31163a466ad7b70a850c19'
[    1.280052] blacklist: Loading compiled-in revocation X.509 certificates
[    1.283927] Loaded X.509 cert 'Canonical Ltd. Secure Boot Signing: 61482aa2830d0ab2ad5af10b7250da9033ddcef0'
[    1.289648] zswap: loaded using pool lzo/zbud
[    1.345176] Key type big_key registered
[    1.347562] Key type trusted registered
[    1.352453] Key type encrypted registered
[    1.354794] AppArmor: AppArmor sha1 policy hashing enabled
[    1.358025] ima: No TPM chip found, activating TPM-bypass! (rc=-19)
[    1.361686] ima: Allocated hash algorithm: sha1
[    1.364473] evm: HMAC attrs: 0x1
[    1.366920]   Magic number: 14:775:404
[    1.369645] rtc_cmos rtc_cmos: setting system clock to 2022-11-05 00:24:10 UTC (1667607850)
[    1.374883] BIOS EDD facility v0.16 2004-Jun-25, 0 devices found
[    1.378655] EDD information not available.
[    1.384140] Freeing unused kernel image memory: 2472K
[    1.409553] Write protecting the kernel read-only data: 20480k
[    1.418415] Freeing unused kernel image memory: 2008K
[    1.423799] Freeing unused kernel image memory: 1824K
[    1.434911] x86/mm: Checked W+X mappings: passed, no W+X pages found.
[    1.439420] x86/mm: Checking user space page tables
[    1.448197] x86/mm: Checked W+X mappings: passed, no W+X pages found.
Loading, please wait...
starting version 237
[    1.520697] Fusion MPT base driver 3.04.20
[    1.523442] Copyright (c) 1999-2008 LSI Corporation
[    1.528673] e1000: Intel(R) PRO/1000 Network Driver - version 7.3.21-k8-NAPI
[    1.533574] e1000: Copyright (c) 1999-2006 Intel Corporation.
[    1.539433] Fusion MPT SPI Host driver 3.04.20
[    1.544848] mptbase: ioc0: Initiating bringup
[    1.567068] AVX2 version of gcm_enc/dec engaged.
[    1.570950] AES CTR mode by8 optimization enabled
[    1.663587] ioc0: LSI53C1030 A0: Capabilities={Initiator}
[    1.773730] input: ImExPS/2 Generic Explorer Mouse as /devices/platform/i8042/serio1/input/input4
[    1.926081] scsi host2: ioc0: LSI53C1030 A0, FwRev=00000000h, Ports=1, MaxQ=256, IRQ=20
[    2.102702] scsi 2:0:0:0: Direct-Access     VBOX     HARDDISK         1.0  PQ: 0 ANSI: 5
[    2.148556] scsi target2:0:0: Beginning Domain Validation
[    2.161996] scsi target2:0:0: Domain Validation skipping write tests
[    2.168057] scsi target2:0:0: Ending Domain Validation
[    2.172628] scsi target2:0:0: asynchronous
[    2.179644] scsi 2:0:1:0: Direct-Access     VBOX     HARDDISK         1.0  PQ: 0 ANSI: 5
[    2.540412] scsi target2:0:1: Beginning Domain Validation
[    2.548029] scsi target2:0:1: Domain Validation skipping write tests
[    2.552137] scsi target2:0:1: Ending Domain Validation
[    2.555754] scsi target2:0:1: asynchronous
[    2.565649] sd 2:0:0:0: Attached scsi generic sg0 type 0
[    2.569554] sd 2:0:1:0: Attached scsi generic sg1 type 0
[    2.573456] sd 2:0:0:0: [sda] 83886080 512-byte logical blocks: (42.9 GB/40.0 GiB)
[    2.576507] sd 2:0:1:0: [sdb] 20480 512-byte logical blocks: (10.5 MB/10.0 MiB)
[    2.583435] sd 2:0:0:0: [sda] Write Protect is off
[    2.587525] sd 2:0:1:0: [sdb] Write Protect is off
[    2.591031] sd 2:0:0:0: [sda] Incomplete mode parameter data
[    2.595658] sd 2:0:0:0: [sda] Assuming drive cache: write through
[    2.601305] sd 2:0:1:0: [sdb] Incomplete mode parameter data
[    2.605243] sd 2:0:1:0: [sdb] Assuming drive cache: write through
[    2.613877] e1000 0000:00:03.0 eth0: (PCI:33MHz:32-bit) 02:cf:fd:ba:38:06
[    2.617894]  sda: sda1
[    2.619639] e1000 0000:00:03.0 eth0: Intel(R) PRO/1000 Network Connection
[    2.625755] sd 2:0:0:0: [sda] Attached SCSI disk
[    2.629588] sd 2:0:1:0: [sdb] Attached SCSI disk
[    2.634130] e1000 0000:00:03.0 enp0s3: renamed from eth0
Begin: Loading essential drivers ... [    4.744221] raid6: sse2x1   gen() 12076 MB/s
[    4.792956] raid6: sse2x1   xor()  8522 MB/s
[    4.840665] raid6: sse2x2   gen() 15038 MB/s
[    4.892220] raid6: sse2x2   xor()  9831 MB/s
[    4.941332] raid6: sse2x4   gen() 17032 MB/s
[    4.992330] raid6: sse2x4   xor() 10550 MB/s
[    5.040175] raid6: avx2x1   gen() 23650 MB/s
[    5.088156] raid6: avx2x1   xor() 16391 MB/s
[    5.136869] raid6: avx2x2   gen() 28479 MB/s
[    5.184444] raid6: avx2x2   xor() 17964 MB/s
[    5.232674] raid6: avx2x4   gen() 33100 MB/s
[    5.280150] raid6: avx2x4   xor() 19714 MB/s
[    5.282892] raid6: using algorithm avx2x4 gen() 33100 MB/s
[    5.286105] raid6: .... xor() 19714 MB/s, rmw enabled
[    5.289077] raid6: using avx2x2 recovery algorithm
[    5.293936] xor: automatically using best checksumming function   avx       
[    5.300288] async_tx: api initialized (async)
done.
Begin: Running /scripts/init-premount ... done.
Begin: Mounting root file system ... Begin: Running /scripts/local-top ... done.
Begin: Running /scripts/local-premount ... [    5.354643] Btrfs loaded, crc32c=crc32c-intel
Scanning for Btrfs filesystems
done.
Warning: fsck not present, so skipping root file system
[    5.390867] EXT4-fs (sda1): INFO: recovery required on readonly filesystem
[    5.394987] EXT4-fs (sda1): write access will be enabled during recovery
[    5.500460] EXT4-fs (sda1): recovery complete
[    5.503827] EXT4-fs (sda1): mounted filesystem with ordered data mode. Opts: (null)
done.
Begin: Running /scripts/local-bottom ... done.
Begin: Running /scripts/init-bottom ... done.
[    5.685955] ip_tables: (C) 2000-2006 Netfilter Core Team
[    5.697700] systemd[1]: systemd 237 running in system mode. (+PAM +AUDIT +SELINUX +IMA +APPARMOR +SMACK +SYSVINIT +UTMP +LIBCRYPTSETUP +GCRYPT +GNUTLS +ACL +XZ +LZ4 +SECCOMP +BLKID +ELFUTILS +KMOD -IDN2 +IDN -PCRE2 default-hierarchy=hybrid)
[    5.711961] systemd[1]: Detected virtualization oracle.
[    5.715530] systemd[1]: Detected architecture x86-64.

Welcome to [1mUbuntu 18.04.6 LTS[0m!

[    5.736244] systemd[1]: Set hostname to <ubuntu-bionic>.
[    6.094217] systemd[1]: Reached target User and Group Name Lookups.
[[0;32m  OK  [0m] Reached target User and Group Name Lookups.
[    6.099928] systemd[1]: Reached target System Time Synchronized.
[[0;32m  OK  [0m] Reached target System Time Synchronized.
[    6.105267] systemd[1]: Set up automount Arbitrary Executable File Formats File System Automount Point.
[[0;32m  OK  [0m] Set up automount Arbitrary Executab…rmats File System Automount Point.
[    6.113132] systemd[1]: Reached target Swap.
[[0;32m  OK  [0m] Reached target Swap.
[    6.116928] systemd[1]: Started Forward Password Requests to Wall Directory Watch.
[[0;32m  OK  [0m] Started Forward Password Requests to Wall Directory Watch.
[    6.128573] systemd[1]: Created slice System Slice.
[[0;32m  OK  [0m] Created slice System Slice.
[[0;32m  OK  [0m] Listening on /dev/initctl Compatibility Named Pipe.
[[0;32m  OK  [0m] Listening on udev Kernel Socket.
[[0;32m  OK  [0m] Created slice system-serial\x2dgetty.slice.
[[0;32m  OK  [0m] Listening on fsck to fsckd communication Socket.
[[0;32m  OK  [0m] Listening on LVM2 metadata daemon socket.
[[0;32m  OK  [0m] Listening on Network Service Netlink Socket.
[[0;32m  OK  [0m] Listening on Journal Socket.
         Mounting Kernel Debug File System...
         Starting File System Check on Root Device...
         Starting Uncomplicated firewall...
         Starting Set the console keyboard layout...
         Mounting Huge Pages File System...
[[0;32m  OK  [0m] Listening on udev Control Socket.
         Starting udev Coldplug all Devices...
         Starting Load Kernel Modules...
         Starting Create list of required st…ce nodes for the current kernel...
[[0;32m  OK  [0m] Listening on LVM2 poll daemon socket.
         Mounting POSIX Message Queue File System...
[[0;32m  OK  [0m] Listening on Journal Socket (/dev/log).
[[0;32m  OK  [0m] Listening on Journal Audit Socket.
[[0;32m  OK  [0m] Listening on Device-mapper event daemon FIFOs.
         Starting Monitoring of LVM2 mirrors…ng dmeventd or progress polling...
[[0;32m  OK  [0m] Created slice User and Session Slice.
[[0;32m  OK  [0m] Reached target Slices.
[[0;32m  OK  [0m] Listening on Syslog Socket.
         Starting Journal Service...
[[0;32m  OK  [0m] Mounted Kernel Debug File System.
[[0;32m  OK  [0m] Started File System Check on Root Device.
[    6.247366] Loading iSCSI transport class v2.0-870.
[[0;32m  OK  [0m] Started Uncomplicated firewall.
[[0;32m  OK  [0m] Mounted Huge Pages File System.[    6.260029] iscsi: registered transport (tcp)

[[0;32m  OK  [0m] Mounted POSIX Message Queue File System.
[[0;32m  OK  [0m] Started File System Check Daemon to report status.
         Starting Remount Root and Kernel File Systems...
[[0;32m  OK  [0m] Started Create list of required sta…vice nodes for the current kernel.
         Starting Create Static Device Nodes in /dev...
[[0;32m  OK  [0m] Started udev Coldplug all Devices.
[[0;32m  OK  [0m] Started LVM2 metadata daemon.
[[0;32m  OK  [0m] Started Journal Service.
[    6.351570] iscsi: registered transport (iser)
[[0;32m  OK  [0m] Started Load Kernel Modules.
         Mounting Kernel Configuration File System...
         Mounting FUSE Control File System...
         Starting Apply Kernel Variables...
[[0;32m  OK  [0m] Mounted Kernel Configuration File System.
[[0;32m  OK  [0m] Mounted FUSE Control File System.
[[0;32m  OK  [0m] Started Create Static Device Nodes in /dev.
[[0;32m  OK  [0m] Started Remount Root and Kernel File Systems.
         Starting Flush Journal to Persistent Storage...
         Starting udev Kernel Device Manager...
         Starting Load/Save Random Seed...
[[0;32m  OK  [0m] Started Monitoring of LVM2 mirrors,…sing dmeventd or progress polling.
[[0;32m  OK  [0m] Started Apply Kernel Variables.
[[0;32m  OK  [0m] Started Load/Save Random Seed.
[[0;32m  OK  [0m] Started udev Kernel Device Manager.
[[0;32m  OK  [0m] Started Flush Journal to Persistent Storage.
[[0;32m  OK  [0m] Found device /dev/ttyS0.
[[0;32m  OK  [0m] Listening on Load/Save RF Kill Switch Status /dev/rfkill Watch.
         Mounting Arbitrary Executable File Formats File System...
[[0;32m  OK  [0m] Mounted Arbitrary Executable File Formats File System.
[[0;32m  OK  [0m] Started Set the console keyboard layout.
[[0;32m  OK  [0m] Reached target Local File Systems (Pre).
[[0;32m  OK  [0m] Reached target Local File Systems.
         Starting AppArmor initialization...
         Starting Tell Plymouth To Write Out Runtime Data...
         Starting Set console font and keymap...
         Starting Create Volatile Files and Directories...
         Starting ebtables ruleset management...
[[0;32m  OK  [0m] Started Dispatch Password Requests to Console Directory Watch.
[[0;32m  OK  [0m] Reached target Local Encrypted Volumes.
[[0;32m  OK  [0m] Started Set console font and keymap.
[[0;32m  OK  [0m] Started Tell Plymouth To Write Out Runtime Data.
[[0;32m  OK  [0m] Started Create Volatile Files and Directories.
         Starting Update UTMP about System Boot/Shutdown...
[[0;32m  OK  [0m] Started Update UTMP about System Boot/Shutdown.
[[0;32m  OK  [0m] Started ebtables ruleset management.
[[0;32m  OK  [0m] Started AppArmor initialization.
         Starting Initial cloud-init job (pre-networking)...
         Starting Load AppArmor profiles managed internally by snapd...
[[0;32m  OK  [0m] Started Load AppArmor profiles managed internally by snapd.
[    9.080164] cloud-init[675]: Cloud-init v. 22.3.4-0ubuntu1~18.04.1 running 'init-local' at Sat, 05 Nov 2022 00:24:17 +0000. Up 8.86 seconds.
[[0;32m  OK  [0m] Started Initial cloud-init job (pre-networking).
[[0;32m  OK  [0m] Reached target Network (Pre).
         Starting Network Service...
[[0;32m  OK  [0m] Started Network Service.
         Starting Wait for Network to be Configured...
         Starting Network Name Resolution...
[[0;32m  OK  [0m] Started Network Name Resolution.
[[0;32m  OK  [0m] Reached target Network.
[[0;32m  OK  [0m] Reached target Host and Network Name Lookups.
[[0;32m  OK  [0m] Started Wait for Network to be Configured.
         Starting Initial cloud-init job (metadata service crawler)...
[   11.100028] cloud-init[789]: Cloud-init v. 22.3.4-0ubuntu1~18.04.1 running 'init' at Sat, 05 Nov 2022 00:24:20 +0000. Up 10.95 seconds.
[   11.103417] cloud-init[789]: ci-info: ++++++++++++++++++++++++++++++++++++++Net device info++++++++++++++++++++++++++++++++++++++
[   11.107027] cloud-init[789]: ci-info: +--------+------+----------------------------+---------------+--------+-------------------+
[   11.110198] cloud-init[789]: ci-info: | Device |  Up  |          Address           |      Mask     | Scope  |     Hw-Address    |
[   11.113385] cloud-init[789]: ci-info: +--------+------+----------------------------+---------------+--------+-------------------+
[   11.117095] cloud-init[789]: ci-info: | enp0s3 | True |         10.0.2.15          | 255.255.255.0 | global | 02:cf:fd:ba:38:06 |
[   11.120267] cloud-init[789]: ci-info: | enp0s3 | True | fe80::cf:fdff:feba:3806/64 |       .       |  link  | 02:cf:fd:ba:38:06 |
[   11.123494] cloud-init[789]: ci-info: |   lo   | True |         127.0.0.1          |   255.0.0.0   |  host  |         .         |
[   11.128447] cloud-init[789]: ci-info: |   lo   | True |          ::1/128           |       .       |  host  |         .         |
[   11.131715] cloud-init[789]: ci-info: +--------+------+----------------------------+---------------+--------+-------------------+
[   11.135313] cloud-init[789]: ci-info: ++++++++++++++++++++++++++++Route IPv4 info+++++++++++++++++++++++++++++
[   11.138702] cloud-init[789]: ci-info: +-------+-------------+----------+-----------------+-----------+-------+
[   11.141607] cloud-init[789]: ci-info: | Route | Destination | Gateway  |     Genmask     | Interface | Flags |
[   11.144907] cloud-init[789]: ci-info: +-------+-------------+----------+-----------------+-----------+-------+
[   11.148134] cloud-init[789]: ci-info: |   0   |   0.0.0.0   | 10.0.2.2 |     0.0.0.0     |   enp0s3  |   UG  |
[   11.150707] cloud-init[789]: ci-info: |   1   |   10.0.2.0  | 0.0.0.0  |  255.255.255.0  |   enp0s3  |   U   |
[   11.153315] cloud-init[789]: ci-info: |   2   |   10.0.2.2  | 0.0.0.0  | 255.255.255.255 |   enp0s3  |   UH  |
[   11.155937] cloud-init[789]: ci-info: +-------+-------------+----------+-----------------+-----------+-------+
[   11.158516] cloud-init[789]: ci-info: +++++++++++++++++++Route IPv6 info+++++++++++++++++++
[   11.160711] cloud-init[789]: ci-info: +-------+-------------+---------+-----------+-------+
[   11.162878] cloud-init[789]: ci-info: | Route | Destination | Gateway | Interface | Flags |
[   11.165046] cloud-init[789]: ci-info: +-------+-------------+---------+-----------+-------+
[   11.167196] cloud-init[789]: ci-info: |   1   |  fe80::/64  |    ::   |   enp0s3  |   U   |
[   11.169403] cloud-init[789]: ci-info: |   3   |    local    |    ::   |   enp0s3  |   U   |
[   11.182256] cloud-init[789]: ci-info: |   4   |   ff00::/8  |    ::   |   enp0s3  |   U   |
[   11.185982] cloud-init[789]: ci-info: +-------+-------------+---------+-----------+-------+
[[0;32m  OK  [0m] Started Initial cloud-init job (metadata service crawler).
[[0;32m  OK  [0m] Reached target System Initialization.
[[0;32m  OK  [0m] Started Daily Cleanup of Temporary Directories.
[[0;32m  OK  [0m] Started Discard unused blocks once a week.
[[0;32m  OK  [0m] Started Ubuntu Advantage Timer for running repeated jobs.
[[0;32m  OK  [0m] Listening on UUID daemon activation socket.
[[0;32m  OK  [0m] Started ACPI Events Check.
[[0;32m  OK  [0m] Listening on Open-iSCSI iscsid Socket.
[[0;32m  OK  [0m] Listening on D-Bus System Message Bus Socket.
[[0;32m  OK  [0m] Started Message of the Day.
[[0;32m  OK  [0m] Listening on cloud-init hotplug hook socket.
         Starting LXD - unix socket.
[[0;32m  OK  [0m] Started Daily apt download activities.
[[0;32m  OK  [0m] Started Daily apt upgrade and clean activities.
[[0;32m  OK  [0m] Reached target Timers.
[[0;32m  OK  [0m] Reached target Paths.
         Starting Socket activation for snappy daemon.
[[0;32m  OK  [0m] Listening on ACPID Listen Socket.
[[0;32m  OK  [0m] Reached target Network is Online.
         Starting Availability of block devices...
[[0;32m  OK  [0m] Reached target Remote File Systems (Pre).
         Mounting /vagrant...
[[0;32m  OK  [0m] Reached target Cloud-config availability.
[[0;32m  OK  [0m] Listening on LXD - unix socket.
[[0;32m  OK  [0m] Listening on Socket activation for snappy daemon.
[[0;32m  OK  [0m] Started Availability of block devices.
[[0;32m  OK  [0m] Reached target Sockets.
[[0;32m  OK  [0m] Reached target Basic System.
         Starting LXD - container startup/shutdown...
[[0;32m  OK  [0m] Started Regular background program processing daemon.
         Starting Dispatcher daemon for systemd-networkd...
         Starting System Logging Service...
         Starting LSB: Record successful boot for GRUB...
[[0;32m  OK  [0m] Started D-Bus System Message Bus.
         Starting Virtualbox guest utils...
[[0;32m  OK  [0m] Started Deferred execution scheduler.
         Starting Accounts Service...
[[0;32m  OK  [0m] Started FUSE filesystem for LXC.
         Starting OpenBSD Secure Shell server...
         Starting Snap Daemon...
         Starting Login Service...
[[0;32m  OK  [0m] Started irqbalance daemon.
[[0;32m  OK  [0m] Reached target Login Prompts (Pre).
[[0;32m  OK  [0m] Started System Logging Service.
[[0;32m  OK  [0m] Mounted /vagrant.
[[0;32m  OK  [0m] Started LXD - container startup/shutdown.
[[0;32m  OK  [0m] Reached target Remote File Systems.
         Starting LSB: automatic crash report generation...
         Starting Permit User Sessions...
[[0;32m  OK  [0m] Started Permit User Sessions.
         Starting Hold until boot process finishes up...
         Starting Terminate Plymouth Boot Screen...
         Starting Authorization Manager...
[[0;32m  OK  [0m] Started Login Service.
[[0;32m  OK  [0m] Started Unattended Upgrades Shutdown.
[[0;32m  OK  [0m] Started Hold until boot process finishes up.
[[0;32m  OK  [0m] Started Serial Getty on ttyS0.
         Starting Set console scheme...
[[0;32m  OK  [0m] Started OpenBSD Secure Shell server.
[[0;32m  OK  [0m] Started Terminate Plymouth Boot Screen.
[[0;32m  OK  [0m] Started Authorization Manager.
[[0;32m  OK  [0m] Started Accounts Service.
[[0;32m  OK  [0m] Started Set console scheme.
[[0;32m  OK  [0m] Created slice system-getty.slice.
[[0;32m  OK  [0m] Started Getty on tty1.
[[0;32m  OK  [0m] Reached target Login Prompts.
[[0;32m  OK  [0m] Started Virtualbox guest utils.
[[0;32m  OK  [0m] Started LSB: automatic crash report generation.
[[0;32m  OK  [0m] Started LSB: Record successful boot for GRUB.
[[0;32m  OK  [0m] Started Dispatcher daemon for systemd-networkd.
[[0;32m  OK  [0m] Created slice User Slice of vagrant.
         Starting User Manager for UID 1000...
[[0;32m  OK  [0m] Started Session 1 of user vagrant.
[[0;32m  OK  [0m] Started User Manager for UID 1000.
[[0;32m  OK  [0m] Started Snap Daemon.
         Starting Wait until snapd is fully seeded...
         Starting Time & Date Service...
[[0;32m  OK  [0m] Started Time & Date Service.
[[0;32m  OK  [0m] Started Wait until snapd is fully seeded.
         Starting Apply the settings specified in cloud-config...
[   13.483305] cloud-init[1298]: Cloud-init v. 22.3.4-0ubuntu1~18.04.1 running 'modules:config' at Sat, 05 Nov 2022 00:24:22 +0000. Up 13.36 seconds.
[[0;32m  OK  [0m] Started Apply the settings specified in cloud-config.
[[0;32m  OK  [0m] Reached target Multi-User System.
[[0;32m  OK  [0m] Reached target Graphical Interface.
         Starting Execute cloud user/final scripts...
         Starting Update UTMP about System Runlevel Changes...
[[0;32m  OK  [0m] Started Update UTMP about System Runlevel Changes.
[   14.112727] cloud-init[1412]: Cloud-init v. 22.3.4-0ubuntu1~18.04.1 running 'modules:final' at Sat, 05 Nov 2022 00:24:23 +0000. Up 13.97 seconds.
[   14.116592] cloud-init[1412]: Cloud-init v. 22.3.4-0ubuntu1~18.04.1 finished at Sat, 05 Nov 2022 00:24:23 +0000. Datasource DataSourceNoCloud [seed=/dev/sdb][dsmode=net].  Up 14.10 seconds
[[0;32m  OK  [0m] Started Execute cloud user/final scripts.
         Starting Daily apt download activities...
[[0;32m  OK  [0m] Reached target Cloud-init target.
         Stopping User Manager for UID 1000...
[[0;32m  OK  [0m] Stopped User Manager for UID 1000.
[[0;32m  OK  [0m] Removed slice User Slice of vagrant.

Ubuntu 18.04.6 LTS ubuntu-bionic ttyS0

ubuntu-bionic login:          Stopping Availability of block devices...
[[0;32m  OK  [0m] Stopped target Host and Network Name Lookups.
         Stopping Session 60 of user vagrant.
[[0;32m  OK  [0m] Stopped target Graphical Interface.
         Stopping Accounts Service...
         Stopping Authorization Manager...
[[0;32m  OK  [0m] Stopped target Cloud-init target.
[[0;32m  OK  [0m] Stopped Execute cloud user/final scripts.
[[0;32m  OK  [0m] Stopped Apply the settings specified in cloud-config.
[[0;32m  OK  [0m] Stopped target Cloud-config availability.
         Stopping User Manager for UID 1000...
[[0;32m  OK  [0m] Stopped target Timers.
[[0;32m  OK  [0m] Stopped Daily apt upgrade and clean activities.
[[0;32m  OK  [0m] Stopped Message of the Day.
[[0;32m  OK  [0m] Stopped Daily apt download activities.
[[0;32m  OK  [0m] Stopped Daily Cleanup of Temporary Directories.
[[0;32m  OK  [0m] Stopped Discard unused blocks once a week.
[[0;32m  OK  [0m] Stopped target System Time Synchronized.
[[0;32m  OK  [0m] Stopped Ubuntu Advantage Timer for running repeated jobs.
[[0;32m  OK  [0m] Closed Load/Save RF Kill Switch Status /dev/rfkill Watch.
[[0;32m  OK  [0m] Stopped target Multi-User System.
         Stopping Regular background program processing daemon...
         Stopping irqbalance daemon...
[[0;32m  OK  [0m] Stopped Wait until snapd is fully seeded.
         Stopping Dispatcher daemon for systemd-networkd...
         Stopping OpenBSD Secure Shell server...
         Stopping Deferred execution scheduler...
         Stopping LSB: automatic crash report generation...
[[0;32m  OK  [0m] Stopped target Login Prompts.
         Stopping Getty on tty1...
         Stopping Serial Getty on ttyS0...
         Stopping Virtualbox guest utils...
         Stopping System Logging Service...
         Stopping LXD - container startup/shutdown...
         Stopping LSB: Record successful boot for GRUB...
         Stopping Unattended Upgrades Shutdown...
         Stopping D-Bus System Message Bus...
         Stopping FUSE filesystem for LXC...
[[0;32m  OK  [0m] Stopped Regular background program processing daemon.
[[0;32m  OK  [0m] Stopped Accounts Service.
[[0;32m  OK  [0m] Stopped Dispatcher daemon for systemd-networkd.
[[0;32m  OK  [0m] Stopped Deferred execution scheduler.
[[0;32m  OK  [0m] Stopped irqbalance daemon.
[[0;32m  OK  [0m] Stopped OpenBSD Secure Shell server.
[[0;32m  OK  [0m] Stopped Authorization Manager.
[[0;32m  OK  [0m] Unmounted /var/lib/lxcfs.
[[0;32m  OK  [0m] Stopped Serial Getty on ttyS0.
[[0;32m  OK  [0m] Stopped Getty on tty1.
[[0;32m  OK  [0m] Stopped User Manager for UID 1000.
[[0;32m  OK  [0m] Stopped D-Bus System Message Bus.
[[0;32m  OK  [0m] Stopped Session 60 of user vagrant.
[[0;32m  OK  [0m] Removed slice User Slice of vagrant.
[[0;32m  OK  [0m] Removed slice system-getty.slice.
[[0;32m  OK  [0m] Removed slice system-serial\x2dgetty.slice.
         Stopping Permit User Sessions...
[[0;32m  OK  [0m] Stopped target Login Prompts (Pre).
[[0;32m  OK  [0m] Stopped LXD - container startup/shutdown.
[[0;32m  OK  [0m] Stopped System Logging Service.
[[0;32m  OK  [0m] Stopped Permit User Sessions.
[[0;32m  OK  [0m] Stopped FUSE filesystem for LXC.
[[0;32m  OK  [0m] Unmounted /run/user/1000.
[[0;32m  OK  [0m] Stopped LSB: Record successful boot for GRUB.
[[0;32m  OK  [0m] Stopped LSB: automatic crash report generation.
[[0;32m  OK  [0m] Stopped target Remote File Systems.
         Unmounting /vagrant...
[[0;1;31mFAILED[0m] Failed unmounting /vagrant.
[[0;32m  OK  [0m] Reached target Unmount All Filesystems.
[[0;32m  OK  [0m] Stopped target Remote File Systems (Pre).
[[0;32m  OK  [0m] Stopped target Network is Online.
[[0;32m  OK  [0m] Stopped Availability of block devices.
[[0;32m  OK  [0m] Stopped Virtualbox guest utils.
[[0;32m  OK  [0m] Stopped Unattended Upgrades Shutdown.
         Stopping Login Service...
[[0;32m  OK  [0m] Stopped target Network.
         Stopping Network Name Resolution...
[[0;32m  OK  [0m] Stopped Network Name Resolution.
[[0;32m  OK  [0m] Stopped Login Service.
[[0;32m  OK  [0m] Stopped target Basic System.
[[0;32m  OK  [0m] Stopped target Paths.
[[0;32m  OK  [0m] Stopped ACPI Events Check.
[[0;32m  OK  [0m] Stopped target Slices.
[[0;32m  OK  [0m] Removed slice User and Session Slice.
[[0;32m  OK  [0m] Stopped target Sockets.
[[0;32m  OK  [0m] Closed D-Bus System Message Bus Socket.
[[0;32m  OK  [0m] Closed Socket activation for snappy daemon.
[[0;32m  OK  [0m] Closed cloud-init hotplug hook socket.
[[0;32m  OK  [0m] Closed UUID daemon activation socket.
[[0;32m  OK  [0m] Closed Syslog Socket.
[[0;32m  OK  [0m] Closed Open-iSCSI iscsid Socket.
[[0;32m  OK  [0m] Closed LXD - unix socket.
[[0;32m  OK  [0m] Closed ACPID Listen Socket.
[[0;32m  OK  [0m] Stopped target System Initialization.
[[0;32m  OK  [0m] Stopped target Local Encrypted Volumes.
[[0;32m  OK  [0m] Stopped Dispatch Password Requests to Console Directory Watch.
[[0;32m  OK  [0m] Stopped Forward Password Requests to Wall Directory Watch.
[[0;32m  OK  [0m] Stopped Initial cloud-init job (metadata service crawler).
[[0;32m  OK  [0m] Stopped Wait for Network to be Configured.
         Stopping Network Service...
         Stopping Update UTMP about System Boot/Shutdown...
[[0;32m  OK  [0m] Stopped target Swap.
         Stopping Load/Save Random Seed...
[[0;32m  OK  [0m] Stopped target User and Group Name Lookups.
[[0;32m  OK  [0m] Stopped Load/Save Random Seed.
[[0;32m  OK  [0m] Stopped Update UTMP about System Boot/Shutdown.
[[0;32m  OK  [0m] Stopped Create Volatile Files and Directories.
[[0;32m  OK  [0m] Stopped target Local File Systems.
[[0;32m  OK  [0m] Stopped target Local File Systems (Pre).
         Stopping Monitoring of LVM2 mirrors…ng dmeventd or progress polling...
[[0;32m  OK  [0m] Stopped Create Static Device Nodes in /dev.
[[0;32m  OK  [0m] Stopped Network Service.
[[0;32m  OK  [0m] Stopped Monitoring of LVM2 mirrors,…sing dmeventd or progress polling.
         Stopping LVM2 metadata daemon...
[[0;32m  OK  [0m] Stopped Apply Kernel Variables.
[[0;32m  OK  [0m] Stopped Load Kernel Modules.
[[0;32m  OK  [0m] Stopped target Network (Pre).
[[0;32m  OK  [0m] Stopped Initial cloud-init job (pre-networking).
[[0;32m  OK  [0m] Stopped Remount Root and Kernel File Systems.
[[0;32m  OK  [0m] Reached target Shutdown.
[[0;32m  OK  [0m] Reached target Final Step.
         Starting Reboot...
[[0;32m  OK  [0m] Stopped LVM2 metadata daemon.
[181953.214626] reboot: Restarting system
[    0.000000] Linux version 4.15.0-194-generic (buildd@lcy02-amd64-052) (gcc version 7.5.0 (Ubuntu 7.5.0-3ubuntu1~18.04)) #205-Ubuntu SMP Fri Sep 16 19:49:27 UTC 2022 (Ubuntu 4.15.0-194.205-generic 4.15.18)
[    0.000000] Command line: BOOT_IMAGE=/boot/vmlinuz-4.15.0-194-generic root=LABEL=cloudimg-rootfs ro console=tty1 console=ttyS0
[    0.000000] KERNEL supported cpus:
[    0.000000]   Intel GenuineIntel
[    0.000000]   AMD AuthenticAMD
[    0.000000]   Centaur CentaurHauls
[    0.000000] x86/fpu: Supporting XSAVE feature 0x001: 'x87 floating point registers'
[    0.000000] x86/fpu: Supporting XSAVE feature 0x002: 'SSE registers'
[    0.000000] x86/fpu: Supporting XSAVE feature 0x004: 'AVX registers'
[    0.000000] x86/fpu: xstate_offset[2]:  576, xstate_sizes[2]:  256
[    0.000000] x86/fpu: Enabled xstate features 0x7, context size is 832 bytes, using 'standard' format.
[    0.000000] e820: BIOS-provided physical RAM map:
[    0.000000] BIOS-e820: [mem 0x0000000000000000-0x000000000009fbff] usable
[    0.000000] BIOS-e820: [mem 0x000000000009fc00-0x000000000009ffff] reserved
[    0.000000] BIOS-e820: [mem 0x00000000000f0000-0x00000000000fffff] reserved
[    0.000000] BIOS-e820: [mem 0x0000000000100000-0x000000007ffeffff] usable
[    0.000000] BIOS-e820: [mem 0x000000007fff0000-0x000000007fffffff] ACPI data
[    0.000000] BIOS-e820: [mem 0x00000000fec00000-0x00000000fec00fff] reserved
[    0.000000] BIOS-e820: [mem 0x00000000fee00000-0x00000000fee00fff] reserved
[    0.000000] BIOS-e820: [mem 0x00000000fffc0000-0x00000000ffffffff] reserved
[    0.000000] NX (Execute Disable) protection: active
[    0.000000] SMBIOS 2.5 present.
[    0.000000] DMI: innotek GmbH VirtualBox/VirtualBox, BIOS VirtualBox 12/01/2006
[    0.000000] Hypervisor detected: KVM
[    0.000000] e820: last_pfn = 0x7fff0 max_arch_pfn = 0x400000000
[    0.000000] MTRR: Disabled
[    0.000000] x86/PAT: MTRRs disabled, skipping PAT initialization too.
[    0.000000] CPU MTRRs all blank - virtualized system.
[    0.000000] x86/PAT: Configuration [0-7]: WB  WT  UC- UC  WB  WT  UC- UC  
[    0.000000] found SMP MP-table at [mem 0x0009fff0-0x0009ffff]
[    0.000000] Scanning 1 areas for low memory corruption
[    0.000000] RAMDISK: [mem 0x359cb000-0x36cdcfff]
[    0.000000] ACPI: Early table checksum verification disabled
[    0.000000] ACPI: RSDP 0x00000000000E0000 000024 (v02 VBOX  )
[    0.000000] ACPI: XSDT 0x000000007FFF0030 00003C (v01 VBOX   VBOXXSDT 00000001 ASL  00000061)
[    0.000000] ACPI: FACP 0x000000007FFF00F0 0000F4 (v04 VBOX   VBOXFACP 00000001 ASL  00000061)
[    0.000000] ACPI: DSDT 0x000000007FFF0610 002353 (v02 VBOX   VBOXBIOS 00000002 INTL 20200528)
[    0.000000] ACPI: FACS 0x000000007FFF0200 000040
[    0.000000] ACPI: FACS 0x000000007FFF0200 000040
[    0.000000] ACPI: APIC 0x000000007FFF0240 00005C (v02 VBOX   VBOXAPIC 00000001 ASL  00000061)
[    0.000000] ACPI: SSDT 0x000000007FFF02A0 00036C (v01 VBOX   VBOXCPUT 00000002 INTL 20200528)
[    0.000000] ACPI: Reserving FACP table memory at [mem 0x7fff00f0-0x7fff01e3]
[    0.000000] ACPI: Reserving DSDT table memory at [mem 0x7fff0610-0x7fff2962]
[    0.000000] ACPI: Reserving FACS table memory at [mem 0x7fff0200-0x7fff023f]
[    0.000000] ACPI: Reserving FACS table memory at [mem 0x7fff0200-0x7fff023f]
[    0.000000] ACPI: Reserving APIC table memory at [mem 0x7fff0240-0x7fff029b]
[    0.000000] ACPI: Reserving SSDT table memory at [mem 0x7fff02a0-0x7fff060b]
[    0.000000] No NUMA configuration found
[    0.000000] Faking a node at [mem 0x0000000000000000-0x000000007ffeffff]
[    0.000000] NODE_DATA(0) allocated [mem 0x7ffc5000-0x7ffeffff]
[    0.000000] kvm-clock: cpu 0, msr 0:7ff44001, primary cpu clock
[    0.000000] kvm-clock: Using msrs 4b564d01 and 4b564d00
[    0.000000] kvm-clock: using sched offset of 181968046793716 cycles
[    0.000000] clocksource: kvm-clock: mask: 0xffffffffffffffff max_cycles: 0x1cd42e4dffb, max_idle_ns: 881590591483 ns
[    0.000000] Zone ranges:
[    0.000000]   DMA      [mem 0x0000000000001000-0x0000000000ffffff]
[    0.000000]   DMA32    [mem 0x0000000001000000-0x000000007ffeffff]
[    0.000000]   Normal   empty
[    0.000000]   Device   empty
[    0.000000] Movable zone start for each node
[    0.000000] Early memory node ranges
[    0.000000]   node   0: [mem 0x0000000000001000-0x000000000009efff]
[    0.000000]   node   0: [mem 0x0000000000100000-0x000000007ffeffff]
[    0.000000] Reserved but unavailable: 104 pages
[    0.000000] Initmem setup node 0 [mem 0x0000000000001000-0x000000007ffeffff]
[    0.000000] ACPI: PM-Timer IO Port: 0x4008
[    0.000000] IOAPIC[0]: apic_id 2, version 32, address 0xfec00000, GSI 0-23
[    0.000000] ACPI: INT_SRC_OVR (bus 0 bus_irq 0 global_irq 2 dfl dfl)
[    0.000000] ACPI: INT_SRC_OVR (bus 0 bus_irq 9 global_irq 9 low level)
[    0.000000] Using ACPI (MADT) for SMP configuration information
[    0.000000] smpboot: Allowing 2 CPUs, 0 hotplug CPUs
[    0.000000] PM: Registered nosave memory: [mem 0x00000000-0x00000fff]
[    0.000000] PM: Registered nosave memory: [mem 0x0009f000-0x0009ffff]
[    0.000000] PM: Registered nosave memory: [mem 0x000a0000-0x000effff]
[    0.000000] PM: Registered nosave memory: [mem 0x000f0000-0x000fffff]
[    0.000000] e820: [mem 0x80000000-0xfebfffff] available for PCI devices
[    0.000000] Booting paravirtualized kernel on KVM
[    0.000000] clocksource: refined-jiffies: mask: 0xffffffff max_cycles: 0xffffffff, max_idle_ns: 7645519600211568 ns
[    0.000000] setup_percpu: NR_CPUS:8192 nr_cpumask_bits:2 nr_cpu_ids:2 nr_node_ids:1
[    0.000000] percpu: Embedded 50 pages/cpu s167936 r8192 d28672 u1048576
[    0.000000] PV qspinlock hash table entries: 256 (order: 0, 4096 bytes)
[    0.000000] Built 1 zonelists, mobility grouping on.  Total pages: 515961
[    0.000000] Policy zone: DMA32
[    0.000000] Kernel command line: BOOT_IMAGE=/boot/vmlinuz-4.15.0-194-generic root=LABEL=cloudimg-rootfs ro console=tty1 console=ttyS0
[    0.000000] Memory: 2014844K/2096696K available (12300K kernel code, 2477K rwdata, 4320K rodata, 2472K init, 2720K bss, 81852K reserved, 0K cma-reserved)
[    0.000000] SLUB: HWalign=64, Order=0-3, MinObjects=0, CPUs=2, Nodes=1
[    0.000000] Kernel/User page tables isolation: enabled
[    0.000000] ftrace: allocating 39477 entries in 155 pages
[    0.004000] Hierarchical RCU implementation.
[    0.004000] 	RCU restricting CPUs from NR_CPUS=8192 to nr_cpu_ids=2.
[    0.004000] 	Tasks RCU enabled.
[    0.004000] RCU: Adjusting geometry for rcu_fanout_leaf=16, nr_cpu_ids=2
[    0.004000] NR_IRQS: 524544, nr_irqs: 440, preallocated irqs: 16
[    0.004000] random: crng init done
[    0.004000] Console: colour VGA+ 80x25
[    0.004000] console [tty1] enabled
[    0.004000] console [ttyS0] enabled
[    0.004000] ACPI: Core revision 20170831
[    0.004000] ACPI: 2 ACPI AML tables successfully acquired and loaded
[    0.004018] APIC: Switch to symmetric I/O mode setup
[    0.018791] x2apic enabled
[    0.020018] Switched APIC routing to physical x2apic.
[    0.028000] ..TIMER: vector=0x30 apic1=0 pin1=2 apic2=-1 pin2=-1
[    0.028004] tsc: Detected 1397.075 MHz processor
[    0.032011] Calibrating delay loop (skipped) preset value.. 2794.15 BogoMIPS (lpj=5588300)
[    0.036003] pid_max: default: 32768 minimum: 301
[    0.040033] Security Framework initialized
[    0.044003] Yama: becoming mindful.
[    0.048044] AppArmor: AppArmor initialized
[    0.052465] Dentry cache hash table entries: 262144 (order: 9, 2097152 bytes)
[    0.056219] Inode-cache hash table entries: 131072 (order: 8, 1048576 bytes)
[    0.060014] Mount-cache hash table entries: 4096 (order: 3, 32768 bytes)
[    0.064016] Mountpoint-cache hash table entries: 4096 (order: 3, 32768 bytes)
[    0.072709] Last level iTLB entries: 4KB 64, 2MB 8, 4MB 8
[    0.076003] Last level dTLB entries: 4KB 64, 2MB 0, 4MB 0, 1GB 4
[    0.080017] Spectre V1 : Mitigation: usercopy/swapgs barriers and __user pointer sanitization
[    0.084006] Spectre V2 : Mitigation: Retpolines
[    0.088004] Spectre V2 : Spectre v2 / SpectreRSB mitigation: Filling RSB on context switch
[    0.092006] Speculative Store Bypass: Vulnerable
[    0.096109] MDS: Mitigation: Clear CPU buffers
[    0.100003] MMIO Stale Data: Mitigation: Clear CPU buffers
[    0.104016] SRBDS: Unknown: Dependent on hypervisor status
[    0.108173] Freeing SMP alternatives memory: 36K
[    0.584003] APIC calibration not consistent with PM-Timer: 720ms instead of 100ms
[    0.588000] APIC delta adjusted to PM-Timer: 6255294 (45040501)
[    0.592044] smpboot: CPU0: Intel(R) Core(TM) i5-8257U CPU @ 1.40GHz (family: 0x6, model: 0x8e, stepping: 0xa)
[    0.596214] Performance Events: unsupported p6 CPU model 142 no PMU driver, software events only.
[    0.600074] Hierarchical SRCU implementation.
[    0.604756] NMI watchdog: Perf event create on CPU 0 failed with -2
[    0.608005] NMI watchdog: Perf NMI watchdog permanently disabled
[    0.612136] smp: Bringing up secondary CPUs ...
[    0.620164] x86: Booting SMP configuration:
[    0.624008] .... node  #0, CPUs:      #1
[    0.004000] kvm-clock: cpu 1, msr 0:7ff44041, secondary cpu clock
[    0.636136] smp: Brought up 1 node, 2 CPUs
[    0.640006] smpboot: Max logical packages: 1
[    0.644003] smpboot: Total of 2 processors activated (5588.30 BogoMIPS)
[    0.652128] devtmpfs: initialized
[    0.656058] x86/mm: Memory block size: 128MB
[    0.660257] evm: security.selinux
[    0.664008] evm: security.SMACK64
[    0.668002] evm: security.SMACK64EXEC
[    0.672002] evm: security.SMACK64TRANSMUTE
[    0.676002] evm: security.SMACK64MMAP
[    0.680002] evm: security.apparmor
[    0.684002] evm: security.ima
[    0.688002] evm: security.capability
[    0.692147] clocksource: jiffies: mask: 0xffffffff max_cycles: 0xffffffff, max_idle_ns: 7645041785100000 ns
[    0.696009] futex hash table entries: 512 (order: 3, 32768 bytes)
[    0.700046] pinctrl core: initialized pinctrl subsystem
[    0.708185] RTC time:  3:08:17, date: 11/07/22
[    0.712276] NET: Registered protocol family 16
[    0.716102] audit: initializing netlink subsys (disabled)
[    0.720069] audit: type=2000 audit(1668708563.754:1): state=initialized audit_enabled=0 res=1
[    0.740005] cpuidle: using governor ladder
[    0.744008] cpuidle: using governor menu
[    0.748039] ACPI: bus type PCI registered
[    0.752004] acpiphp: ACPI Hot Plug PCI Controller Driver version: 0.5
[    0.756363] PCI: Using configuration type 1 for base access
[    0.768136] HugeTLB registered 2.00 MiB page size, pre-allocated 0 pages
[    0.776141] ACPI: Added _OSI(Module Device)
[    0.788021] ACPI: Added _OSI(Processor Device)
[    0.800003] ACPI: Added _OSI(3.0 _SCP Extensions)
[    0.812002] ACPI: Added _OSI(Processor Aggregator Device)
[    0.828003] ACPI: Added _OSI(Linux-Dell-Video)
[    0.840005] ACPI: Added _OSI(Linux-Lenovo-NV-HDMI-Audio)
[    0.856006] ACPI: Added _OSI(Linux-HPI-Hybrid-Graphics)
[    0.872499] ACPI: Executed 1 blocks of module-level executable AML code
[    0.896930] ACPI: Interpreter enabled
[    0.908013] ACPI: (supports S0 S5)
[    0.920003] ACPI: Using IOAPIC for interrupt routing
[    0.932401] PCI: Using host bridge windows from ACPI; if necessary, use "pci=nocrs" and report a bug
[    0.964714] ACPI: Enabled 2 GPEs in block 00 to 07
[    1.016683] ACPI: PCI Root Bridge [PCI0] (domain 0000 [bus 00-ff])
[    1.028011] acpi PNP0A03:00: _OSC: OS supports [ASPM ClockPM Segments MSI]
[    1.032000] acpi PNP0A03:00: _OSC: not requesting OS control; OS requires [ExtendedConfig ASPM ClockPM MSI]
[    1.040016] acpi PNP0A03:00: fail to add MMCONFIG information, can't access extended PCI configuration space under this bridge.
[    1.076483] PCI host bridge to bus 0000:00
[    1.088005] pci_bus 0000:00: root bus resource [io  0x0000-0x0cf7 window]
[    1.112007] pci_bus 0000:00: root bus resource [io  0x0d00-0xffff window]
[    1.132005] pci_bus 0000:00: root bus resource [mem 0x000a0000-0x000bffff window]
[    1.152007] pci_bus 0000:00: root bus resource [mem 0x80000000-0xfdffffff window]
[    1.180013] pci_bus 0000:00: root bus resource [bus 00-ff]
[    1.220481] pci 0000:00:01.1: legacy IDE quirk: reg 0x10: [io  0x01f0-0x01f7]
[    1.240004] pci 0000:00:01.1: legacy IDE quirk: reg 0x14: [io  0x03f6]
[    1.256003] pci 0000:00:01.1: legacy IDE quirk: reg 0x18: [io  0x0170-0x0177]
[    1.272003] pci 0000:00:01.1: legacy IDE quirk: reg 0x1c: [io  0x0376]
[    1.364035] pci 0000:00:07.0: quirk: [io  0x4000-0x403f] claimed by PIIX4 ACPI
[    1.380033] pci 0000:00:07.0: quirk: [io  0x4100-0x410f] claimed by PIIX4 SMB
[    1.432863] ACPI: PCI Interrupt Link [LNKA] (IRQs 5 9 10 *11)
[    1.448508] ACPI: PCI Interrupt Link [LNKB] (IRQs 5 9 *10 11)
[    1.468194] ACPI: PCI Interrupt Link [LNKC] (IRQs 5 *9 10 11)
[    1.484190] ACPI: PCI Interrupt Link [LNKD] (IRQs 5 9 10 *11)
[    1.500354] SCSI subsystem initialized
[    1.512173] pci 0000:00:02.0: vgaarb: setting as boot VGA device
[    1.516000] pci 0000:00:02.0: vgaarb: VGA device added: decodes=io+mem,owns=io+mem,locks=none
[    1.548005] pci 0000:00:02.0: vgaarb: bridge control possible
[    1.564002] vgaarb: loaded
[    1.572021] ACPI: bus type USB registered
[    1.584017] usbcore: registered new interface driver usbfs
[    1.600011] usbcore: registered new interface driver hub
[    1.612009] usbcore: registered new device driver usb
[    1.628081] EDAC MC: Ver: 3.0.0
[    1.640069] PCI: Using ACPI for IRQ routing
[    1.652600] NetLabel: Initializing
[    1.660002] NetLabel:  domain hash size = 128
[    1.662820] NetLabel:  protocols = UNLABELED CIPSOv4 CALIPSO
[    1.664000] NetLabel:  unlabeled traffic allowed by default
[    1.664095] clocksource: Switched to clocksource kvm-clock
[    1.685121] VFS: Disk quotas dquot_6.6.0
[    1.687875] VFS: Dquot-cache hash table entries: 512 (order 0, 4096 bytes)
[    1.692267] AppArmor: AppArmor Filesystem Enabled
[    1.695417] pnp: PnP ACPI init
[    1.701214] pnp: PnP ACPI: found 3 devices
[    1.711519] clocksource: acpi_pm: mask: 0xffffff max_cycles: 0xffffff, max_idle_ns: 2085701024 ns
[    1.716969] NET: Registered protocol family 2
[    1.720272] IP idents hash table entries: 32768 (order: 6, 262144 bytes)
[    1.724860] TCP established hash table entries: 16384 (order: 5, 131072 bytes)
[    1.728468] TCP bind hash table entries: 16384 (order: 6, 262144 bytes)
[    1.734334] TCP: Hash tables configured (established 16384 bind 16384)
[    1.737941] UDP hash table entries: 1024 (order: 3, 32768 bytes)
[    1.742259] UDP-Lite hash table entries: 1024 (order: 3, 32768 bytes)
[    1.746191] NET: Registered protocol family 1
[    1.746191] pci 0000:00:00.0: Limiting direct PCI/PCI transfers
[    1.752912] pci 0000:00:01.0: Activating ISA DMA hang workarounds
[    1.756885] pci 0000:00:02.0: Video device with shadowed ROM at [mem 0x000c0000-0x000dffff]
[    1.762177] Unpacking initramfs...
[    2.029742] Freeing initrd memory: 19528K
[    2.032607] clocksource: tsc: mask: 0xffffffffffffffff max_cycles: 0x1423552d03c, max_idle_ns: 440795258602 ns
[    2.038687] platform rtc_cmos: registered platform RTC device (no PNP device found)
[    2.043260] Scanning for low memory corruption every 60 seconds
[    2.048219] Initialise system trusted keyrings
[    2.050975] Key type blacklist registered
[    2.053713] workingset: timestamp_bits=36 max_order=19 bucket_order=0
[    2.058893] zbud: loaded
[    2.061334] squashfs: version 4.0 (2009/01/31) Phillip Lougher
[    2.065525] fuse init (API version 7.26)
[    2.077422] Key type asymmetric registered
[    2.079842] Asymmetric key parser 'x509' registered
[    2.082762] Block layer SCSI generic (bsg) driver version 0.4 loaded (major 246)
[    2.087178] io scheduler noop registered
[    2.089583] io scheduler deadline registered
[    2.092555] io scheduler cfq registered (default)
[    2.096253] ACPI: AC Adapter [AC] (on-line)
[    2.099017] input: Power Button as /devices/LNXSYSTM:00/LNXPWRBN:00/input/input0
[    2.103372] ACPI: Power Button [PWRF]
[    2.105755] input: Sleep Button as /devices/LNXSYSTM:00/LNXSLPBN:00/input/input1
[    2.110625] ACPI: Sleep Button [SLPF]
[    2.114926] ACPI: Battery Slot [BAT0] (battery present)
[    2.118436] Serial: 8250/16550 driver, 32 ports, IRQ sharing enabled
[    2.148327] 00:02: ttyS0 at I/O 0x3f8 (irq = 4, base_baud = 115200) is a 16550A
[    2.158298] Linux agpgart interface v0.103
[    2.162941] loop: module loaded
[    2.166372] scsi host0: ata_piix
[    2.168646] scsi host1: ata_piix
[    2.170640] ata1: PATA max UDMA/33 cmd 0x1f0 ctl 0x3f6 bmdma 0xd000 irq 14
[    2.174660] ata2: PATA max UDMA/33 cmd 0x170 ctl 0x376 bmdma 0xd008 irq 15
[    2.179610] tun: Universal TUN/TAP device driver, 1.6
[    2.182891] PPP generic driver version 2.4.2
[    2.186452] ehci_hcd: USB 2.0 'Enhanced' Host Controller (EHCI) Driver
[    2.190218] ehci-pci: EHCI PCI platform driver
[    2.193014] ehci-platform: EHCI generic platform driver
[    2.196009] ohci_hcd: USB 1.1 'Open' Host Controller (OHCI) Driver
[    2.199667] ohci-pci: OHCI PCI platform driver
[    2.202401] ohci-platform: OHCI generic platform driver
[    2.205485] uhci_hcd: USB Universal Host Controller Interface driver
[    2.209245] i8042: PNP: PS/2 Controller [PNP0303:PS2K,PNP0f03:PS2M] at 0x60,0x64 irq 1,12
[    2.216120] serio: i8042 KBD port at 0x60,0x64 irq 1
[    2.219069] serio: i8042 AUX port at 0x60,0x64 irq 12
[    2.222209] mousedev: PS/2 mouse device common for all mice
[    2.227626] rtc_cmos rtc_cmos: rtc core: registered rtc_cmos as rtc0
[    2.231784] input: AT Translated Set 2 keyboard as /devices/platform/i8042/serio0/input/input2
[    2.233026] rtc_cmos rtc_cmos: alarms up to one day, 114 bytes nvram
[    2.242499] i2c /dev entries driver
[    2.244976] device-mapper: uevent: version 1.0.3
[    2.248386] device-mapper: ioctl: 4.37.0-ioctl (2017-09-20) initialised: dm-devel@redhat.com
[    2.254232] ledtrig-cpu: registered to indicate activity on CPUs
[    2.260813] NET: Registered protocol family 10
[    2.268385] Segment Routing with IPv6
[    2.270885] NET: Registered protocol family 17
[    2.273931] Key type dns_resolver registered
[    2.277786] mce: Using 0 MCE banks
[    2.280506] RAS: Correctable Errors collector initialized.
[    2.284023] sched_clock: Marking stable (2280437278, 0)->(1785919558, 494517720)
[    2.290317] registered taskstats version 1
[    2.292987] Loading compiled-in X.509 certificates
[    2.299384] Loaded X.509 cert 'Build time autogenerated kernel key: 6303a3b02fa1c7713b8a75ba7ba622fabd5dd271'
[    2.305644] Loaded X.509 cert 'Canonical Ltd. Live Patch Signing: 14df34d1a87cf37625abec039ef2bf521249b969'
[    2.311906] Loaded X.509 cert 'Canonical Ltd. Kernel Module Signing: 88f752e560a1e0737e31163a466ad7b70a850c19'
[    2.317777] blacklist: Loading compiled-in revocation X.509 certificates
[    2.322001] Loaded X.509 cert 'Canonical Ltd. Secure Boot Signing: 61482aa2830d0ab2ad5af10b7250da9033ddcef0'
[    2.327847] zswap: loaded using pool lzo/zbud
[    2.336448] Key type big_key registered
[    2.338966] Key type trusted registered
[    2.394532] Key type encrypted registered
[    2.397198] AppArmor: AppArmor sha1 policy hashing enabled
[    2.400773] ima: No TPM chip found, activating TPM-bypass! (rc=-19)
[    2.404725] ima: Allocated hash algorithm: sha1
[    2.407696] evm: HMAC attrs: 0x1
[    2.410531]   Magic number: 14:934:107
[    2.413499] rtc_cmos rtc_cmos: setting system clock to 2022-11-07 03:08:19 UTC (1667790499)
[    2.418863] BIOS EDD facility v0.16 2004-Jun-25, 0 devices found
[    2.422796] EDD information not available.
[    2.429040] Freeing unused kernel image memory: 2472K
[    2.436108] Write protecting the kernel read-only data: 20480k
[    2.441802] Freeing unused kernel image memory: 2008K
[    2.446375] Freeing unused kernel image memory: 1824K
[    2.455782] x86/mm: Checked W+X mappings: passed, no W+X pages found.
[    2.460499] x86/mm: Checking user space page tables
[    2.468964] x86/mm: Checked W+X mappings: passed, no W+X pages found.
Loading, please wait...
starting version 237
[    2.546260] Fusion MPT base driver 3.04.20
[    2.549306] Copyright (c) 1999-2008 LSI Corporation
[    2.581634] e1000: Intel(R) PRO/1000 Network Driver - version 7.3.21-k8-NAPI
[    2.586695] e1000: Copyright (c) 1999-2006 Intel Corporation.
[    2.606399] Fusion MPT SPI Host driver 3.04.20
[    2.612995] AVX2 version of gcm_enc/dec engaged.
[    2.616333] AES CTR mode by8 optimization enabled
[    2.776073] input: ImExPS/2 Generic Explorer Mouse as /devices/platform/i8042/serio1/input/input4
[    3.113232] e1000 0000:00:03.0 eth0: (PCI:33MHz:32-bit) 02:cf:fd:ba:38:06
[    3.117345] e1000 0000:00:03.0 eth0: Intel(R) PRO/1000 Network Connection
[    3.123186] mptbase: ioc0: Initiating bringup
[    3.127615] e1000 0000:00:03.0 enp0s3: renamed from eth0
[    3.240408] ioc0: LSI53C1030 A0: Capabilities={Initiator}
[    3.496924] scsi host2: ioc0: LSI53C1030 A0, FwRev=00000000h, Ports=1, MaxQ=256, IRQ=20
[    3.673438] scsi 2:0:0:0: Direct-Access     VBOX     HARDDISK         1.0  PQ: 0 ANSI: 5
[    3.720558] scsi target2:0:0: Beginning Domain Validation
[    3.730208] scsi target2:0:0: Domain Validation skipping write tests
[    3.735307] scsi target2:0:0: Ending Domain Validation
[    3.739033] scsi target2:0:0: asynchronous
[    3.742907] scsi 2:0:1:0: Direct-Access     VBOX     HARDDISK         1.0  PQ: 0 ANSI: 5
[    3.780881] scsi target2:0:1: Beginning Domain Validation
[    3.794684] scsi target2:0:1: Domain Validation skipping write tests
[    3.800492] scsi target2:0:1: Ending Domain Validation
[    3.806004] scsi target2:0:1: asynchronous
[    3.817642] sd 2:0:0:0: Attached scsi generic sg0 type 0
[    3.822145] sd 2:0:0:0: [sda] 83886080 512-byte logical blocks: (42.9 GB/40.0 GiB)
[    3.827994] sd 2:0:1:0: Attached scsi generic sg1 type 0
[    3.831910] sd 2:0:0:0: [sda] Write Protect is off
[    3.835363] sd 2:0:1:0: [sdb] 20480 512-byte logical blocks: (10.5 MB/10.0 MiB)
[    3.840678] sd 2:0:0:0: [sda] Incomplete mode parameter data
[    3.844535] sd 2:0:0:0: [sda] Assuming drive cache: write through
[    3.848370] sd 2:0:1:0: [sdb] Write Protect is off
[    3.852456] sd 2:0:1:0: [sdb] Incomplete mode parameter data
[    3.856242] sd 2:0:1:0: [sdb] Assuming drive cache: write through
[    3.862716]  sda: sda1
[    3.866564] sd 2:0:0:0: [sda] Attached SCSI disk
[    3.870009] sd 2:0:1:0: [sdb] Attached SCSI disk
Begin: Loading essential drivers ... [    5.960443] raid6: sse2x1   gen() 12542 MB/s
[    6.009058] raid6: sse2x1   xor()  8167 MB/s
[    6.061137] raid6: sse2x2   gen() 15445 MB/s
[    6.109148] raid6: sse2x2   xor() 10461 MB/s
[    6.160414] raid6: sse2x4   gen() 16985 MB/s
[    6.208349] raid6: sse2x4   xor()  9725 MB/s
[    6.256139] raid6: avx2x1   gen() 24235 MB/s
[    6.305058] raid6: avx2x1   xor() 17534 MB/s
[    6.357099] raid6: avx2x2   gen() 29307 MB/s
[    6.408986] raid6: avx2x2   xor() 18996 MB/s
[    6.460576] raid6: avx2x4   gen() 34529 MB/s
[    6.508864] raid6: avx2x4   xor() 21186 MB/s
[    6.512216] raid6: using algorithm avx2x4 gen() 34529 MB/s
[    6.515463] raid6: .... xor() 21186 MB/s, rmw enabled
[    6.518536] raid6: using avx2x2 recovery algorithm
[    6.523454] xor: automatically using best checksumming function   avx       
[    6.529454] async_tx: api initialized (async)
done.
Begin: Running /scripts/init-premount ... done.
Begin: Mounting root file system ... Begin: Running /scripts/local-top ... done.
Begin: Running /scripts/local-premount ... [    6.589650] Btrfs loaded, crc32c=crc32c-intel
Scanning for Btrfs filesystems
done.
Warning: fsck not present, so skipping root file system
[    6.642237] EXT4-fs (sda1): mounted filesystem with ordered data mode. Opts: (null)
done.
Begin: Running /scripts/local-bottom ... done.
Begin: Running /scripts/init-bottom ... done.
[    6.862623] ip_tables: (C) 2000-2006 Netfilter Core Team
[    6.877005] systemd[1]: systemd 237 running in system mode. (+PAM +AUDIT +SELINUX +IMA +APPARMOR +SMACK +SYSVINIT +UTMP +LIBCRYPTSETUP +GCRYPT +GNUTLS +ACL +XZ +LZ4 +SECCOMP +BLKID +ELFUTILS +KMOD -IDN2 +IDN -PCRE2 default-hierarchy=hybrid)
[    6.889456] systemd[1]: Detected virtualization oracle.
[    6.892542] systemd[1]: Detected architecture x86-64.

Welcome to [1mUbuntu 18.04.6 LTS[0m!

[    6.911085] systemd[1]: Set hostname to <ubuntu-bionic>.
[    7.201183] systemd[1]: Set up automount Arbitrary Executable File Formats File System Automount Point.
[[0;32m  OK  [0m] Set up automount Arbitrary Executab…rmats File System Automount Point.
[    7.241958] systemd[1]: Created slice System Slice.
[[0;32m  OK  [0m] Created slice System Slice.
[    7.246540] systemd[1]: Listening on Network Service Netlink Socket.
[[0;32m  OK  [0m] Listening on Network Service Netlink Socket.
[    7.252105] systemd[1]: Listening on Syslog Socket.
[[0;32m  OK  [0m] Listening on Syslog Socket.
[    7.256397] systemd[1]: Reached target Swap.
[[0;32m  OK  [0m] Reached target Swap.
[    7.260145] systemd[1]: Reached target System Time Synchronized.
[[0;32m  OK  [0m] Reached target System Time Synchronized.
[[0;32m  OK  [0m] Started Forward Password Requests to Wall Directory Watch.
[[0;32m  OK  [0m] Listening on LVM2 metadata daemon socket.
[[0;32m  OK  [0m] Created slice User and Session Slice.
[[0;32m  OK  [0m] Reached target Slices.
[[0;32m  OK  [0m] Listening on Device-mapper event daemon FIFOs.
[[0;32m  OK  [0m] Listening on Journal Socket.
         Starting Set the console keyboard layout...
         Starting Load Kernel Modules...
         Mounting Kernel Debug File System...
         Mounting Huge Pages File System...
         Starting Monitoring of LVM2 mirrors…ng dmeventd or progress polling...
         Mounting POSIX Message Queue File System...
         Starting Create list of required st…ce nodes for the current kernel...
[[0;32m  OK  [0m] Listening on udev Control Socket.
[[0;32m  OK  [0m] Listening on Journal Audit Socket.
[[0;32m  OK  [0m] Listening on udev Kernel Socket.
[    7.317672] Loading iSCSI transport class v2.0-870.
         Starting udev Coldplug all Devices...
[[0;32m  OK  [0m] Reached target User and Group Name Lookups.
[    7.329912] iscsi: registered transport (tcp)
[[0;32m  OK  [0m] Created slice system-serial\x2dgetty.slice.
[[0;32m  OK  [0m] Listening on LVM2 poll daemon socket.
         Starting Uncomplicated firewall...
[[0;32m  OK  [0m] Listening on /dev/initctl Compatibility Named Pipe.
[[0;32m  OK  [0m] Listening on Journal Socket (/dev/log).
         Starting Journal Service...
[[0;32m  OK  [0m] Listening on fsck to fsckd communication Socket.
         Starting File System Check on Root Device...
[[0;32m  OK  [0m] Started Create list of required sta…vice nodes for the current kernel.
[[0;32m  OK  [0m] Started LVM2 metadata daemon.
         Starting Create Static Device Nodes in /dev...
[[0;32m  OK  [0m] Mounted Kernel Debug File System.
[[0;32m  OK  [0m] Mounted Huge Pages File System.
[[0;32m  OK  [0m] Mounted POSIX Message Queue File System.
[[0;32m  OK  [0m] Started Uncomplicated firewall.
[[0;32m  OK  [0m] Started Journal Service.
[[0;32m  OK  [0m] Started udev Coldplug all Devices.
[    7.479020] iscsi: registered transport (iser)
[[0;32m  OK  [0m] Started Load Kernel Modules.
[[0;32m  OK  [0m] Started File System Check Daemon to report status.
         Mounting Kernel Configuration File System...
         Starting Apply Kernel Variables...
         Mounting FUSE Control File System...
[[0;32m  OK  [0m] Mounted Kernel Configuration File System.
[[0;32m  OK  [0m] Mounted FUSE Control File System.
[[0;32m  OK  [0m] Started Create Static Device Nodes in /dev.
[[0;32m  OK  [0m] Started Monitoring of LVM2 mirrors,…sing dmeventd or progress polling.
[[0;32m  OK  [0m] Started File System Check on Root Device.
         Starting Remount Root and Kernel File Systems...
[[0;32m  OK  [0m] Started Apply Kernel Variables.
[[0;32m  OK  [0m] Started Remount Root and Kernel File Systems.
         Starting Load/Save Random Seed...
         Starting udev Kernel Device Manager...
         Starting Flush Journal to Persistent Storage...
[[0;32m  OK  [0m] Started Load/Save Random Seed.
[[0;32m  OK  [0m] Started udev Kernel Device Manager.
[[0;32m  OK  [0m] Started Flush Journal to Persistent Storage.
[[0;32m  OK  [0m] Found device /dev/ttyS0.
[[0;32m  OK  [0m] Listening on Load/Save RF Kill Switch Status /dev/rfkill Watch.
         Mounting Arbitrary Executable File Formats File System...
[[0;32m  OK  [0m] Mounted Arbitrary Executable File Formats File System.
[[0;32m  OK  [0m] Started Set the console keyboard layout.
[[0;32m  OK  [0m] Reached target Local File Systems (Pre).
[[0;32m  OK  [0m] Reached target Local File Systems.
         Starting Create Volatile Files and Directories...
         Starting ebtables ruleset management...
         Starting Tell Plymouth To Write Out Runtime Data...
         Starting Set console font and keymap...
         Starting AppArmor initialization...
[[0;32m  OK  [0m] Started Dispatch Password Requests to Console Directory Watch.
[[0;32m  OK  [0m] Reached target Local Encrypted Volumes.
[[0;32m  OK  [0m] Started Set console font and keymap.
[[0;32m  OK  [0m] Started Tell Plymouth To Write Out Runtime Data.
[[0;32m  OK  [0m] Started Create Volatile Files and Directories.
         Starting Update UTMP about System Boot/Shutdown...
[[0;32m  OK  [0m] Started Update UTMP about System Boot/Shutdown.
[[0;32m  OK  [0m] Started ebtables ruleset management.
[[0;32m  OK  [0m] Started AppArmor initialization.
         Starting Load AppArmor profiles managed internally by snapd...
         Starting Initial cloud-init job (pre-networking)...
[[0;32m  OK  [0m] Started Load AppArmor profiles managed internally by snapd.
[   10.074453] cloud-init[687]: Cloud-init v. 22.3.4-0ubuntu1~18.04.1 running 'init-local' at Mon, 07 Nov 2022 03:08:26 +0000. Up 9.85 seconds.
[[0;32m  OK  [0m] Started Initial cloud-init job (pre-networking).
[[0;32m  OK  [0m] Reached target Network (Pre).
         Starting Network Service...
[[0;32m  OK  [0m] Started Network Service.
         Starting Wait for Network to be Configured...
         Starting Network Name Resolution...
[[0;32m  OK  [0m] Started Network Name Resolution.
[[0;32m  OK  [0m] Reached target Host and Network Name Lookups.
[[0;32m  OK  [0m] Reached target Network.
[[0;32m  OK  [0m] Started Wait for Network to be Configured.
         Starting Initial cloud-init job (metadata service crawler)...
[   12.469496] cloud-init[812]: Cloud-init v. 22.3.4-0ubuntu1~18.04.1 running 'init' at Mon, 07 Nov 2022 03:08:29 +0000. Up 12.32 seconds.
[   12.473312] cloud-init[812]: ci-info: ++++++++++++++++++++++++++++++++++++++Net device info++++++++++++++++++++++++++++++++++++++
[   12.476947] cloud-init[812]: ci-info: +--------+------+----------------------------+---------------+--------+-------------------+
[   12.480120] cloud-init[812]: ci-info: | Device |  Up  |          Address           |      Mask     | Scope  |     Hw-Address    |
[   12.483536] cloud-init[812]: ci-info: +--------+------+----------------------------+---------------+--------+-------------------+
[   12.486728] cloud-init[812]: ci-info: | enp0s3 | True |         10.0.2.15          | 255.255.255.0 | global | 02:cf:fd:ba:38:06 |
[   12.489922] cloud-init[812]: ci-info: | enp0s3 | True | fe80::cf:fdff:feba:3806/64 |       .       |  link  | 02:cf:fd:ba:38:06 |
[   12.493522] cloud-init[812]: ci-info: |   lo   | True |         127.0.0.1          |   255.0.0.0   |  host  |         .         |
[   12.496650] cloud-init[812]: ci-info: |   lo   | True |          ::1/128           |       .       |  host  |         .         |
[   12.499833] cloud-init[812]: ci-info: +--------+------+----------------------------+---------------+--------+-------------------+
[   12.503430] cloud-init[812]: ci-info: ++++++++++++++++++++++++++++Route IPv4 info+++++++++++++++++++++++++++++
[   12.506144] cloud-init[812]: ci-info: +-------+-------------+----------+-----------------+-----------+-------+
[   12.508873] cloud-init[812]: ci-info: | Route | Destination | Gateway  |     Genmask     | Interface | Flags |
[   12.511703] cloud-init[812]: ci-info: +-------+-------------+----------+-----------------+-----------+-------+
[   12.515130] cloud-init[812]: ci-info: |   0   |   0.0.0.0   | 10.0.2.2 |     0.0.0.0     |   enp0s3  |   UG  |
[   12.518293] cloud-init[812]: ci-info: |   1   |   10.0.2.0  | 0.0.0.0  |  255.255.255.0  |   enp0s3  |   U   |
[   12.521079] cloud-init[812]: ci-info: |   2   |   10.0.2.2  | 0.0.0.0  | 255.255.255.255 |   enp0s3  |   UH  |
[   12.524140] cloud-init[812]: ci-info: +-------+-------------+----------+-----------------+-----------+-------+
[   12.526764] cloud-init[812]: ci-info: +++++++++++++++++++Route IPv6 info+++++++++++++++++++
[   12.528978] cloud-init[812]: ci-info: +-------+-------------+---------+-----------+-------+
[   12.531167] cloud-init[812]: ci-info: | Route | Destination | Gateway | Interface | Flags |
[   12.533353] cloud-init[812]: ci-info: +-------+-------------+---------+-----------+-------+
[   12.535514] cloud-init[812]: ci-info: |   1   |  fe80::/64  |    ::   |   enp0s3  |   U   |
[   12.537744] cloud-init[812]: ci-info: |   3   |    local    |    ::   |   enp0s3  |   U   |
[   12.540406] cloud-init[812]: ci-info: |   4   |   ff00::/8  |    ::   |   enp0s3  |   U   |
[   12.542625] cloud-init[812]: ci-info: +-------+-------------+---------+-----------+-------+
[[0;32m  OK  [0m] Started Initial cloud-init job (metadata service crawler).
[[0;32m  OK  [0m] Reached target System Initialization.
[[0;32m  OK  [0m] Listening on Open-iSCSI iscsid Socket.
[[0;32m  OK  [0m] Listening on cloud-init hotplug hook socket.
[[0;32m  OK  [0m] Started Discard unused blocks once a week.
[[0;32m  OK  [0m] Started Message of the Day.
[[0;32m  OK  [0m] Started Ubuntu Advantage Timer for running repeated jobs.
[[0;32m  OK  [0m] Started Daily apt download activities.
[[0;32m  OK  [0m] Started Daily apt upgrade and clean activities.
[[0;32m  OK  [0m] Listening on D-Bus System Message Bus Socket.
         Starting Socket activation for snappy daemon.
[[0;32m  OK  [0m] Listening on UUID daemon activation socket.
[[0;32m  OK  [0m] Started Daily Cleanup of Temporary Directories.
[[0;32m  OK  [0m] Reached target Timers.
[[0;32m  OK  [0m] Started ACPI Events Check.
[[0;32m  OK  [0m] Reached target Paths.
[[0;32m  OK  [0m] Listening on ACPID Listen Socket.
         Starting LXD - unix socket.
[[0;32m  OK  [0m] Reached target Cloud-config availability.
[[0;32m  OK  [0m] Reached target Network is Online.
         Starting Availability of block devices...
[[0;32m  OK  [0m] Reached target Remote File Systems (Pre).
         Mounting /vagrant...
[[0;32m  OK  [0m] Listening on Socket activation for snappy daemon.
[[0;32m  OK  [0m] Listening on LXD - unix socket.
[[0;32m  OK  [0m] Reached target Sockets.
[[0;32m  OK  [0m] Reached target Basic System.
         Starting LSB: Record successful boot for GRUB...
[[0;32m  OK  [0m] Started Regular background program processing daemon.
         Starting Login Service...
[[0;32m  OK  [0m] Reached target Login Prompts (Pre).
[[0;32m  OK  [0m] Started FUSE filesystem for LXC.
         Starting Virtualbox guest utils...
         Starting Accounts Service...
[[0;32m  OK  [0m] Started Deferred execution scheduler.
[[0;32m  OK  [0m] Started irqbalance daemon.
         Starting System Logging Service...
         Starting LXD - container startup/shutdown...
[[0;32m  OK  [0m] Started D-Bus System Message Bus.
         Starting Snap Daemon...
         Starting OpenBSD Secure Shell server...
         Starting Dispatcher daemon for systemd-networkd...
[[0;32m  OK  [0m] Started System Logging Service.
[[0;32m  OK  [0m] Started Availability of block devices.
[[0;32m  OK  [0m] Mounted /vagrant.
[[0;32m  OK  [0m] Started LXD - container startup/shutdown.
[[0;32m  OK  [0m] Started Login Service.
         Starting Authorization Manager...
[[0;32m  OK  [0m] Started Unattended Upgrades Shutdown.
[[0;32m  OK  [0m] Reached target Remote File Systems.
         Starting Permit User Sessions...
         Starting LSB: automatic crash report generation...
[[0;32m  OK  [0m] Started OpenBSD Secure Shell server.
[[0;32m  OK  [0m] Started Permit User Sessions.
         Starting Hold until boot process finishes up...
         Starting Terminate Plymouth Boot Screen...
[[0;32m  OK  [0m] Started Hold until boot process finishes up.
         Starting Set console scheme...
[[0;32m  OK  [0m] Started Serial Getty on ttyS0.
[[0;32m  OK  [0m] Started Terminate Plymouth Boot Screen.
[[0;32m  OK  [0m] Started LSB: Record successful boot for GRUB.
[[0;32m  OK  [0m] Started Set console scheme.
[[0;32m  OK  [0m] Created slice system-getty.slice.
[[0;32m  OK  [0m] Started Getty on tty1.
[[0;32m  OK  [0m] Reached target Login Prompts.
[[0;32m  OK  [0m] Started Dispatcher daemon for systemd-networkd.
[[0;32m  OK  [0m] Started Virtualbox guest utils.
[[0;32m  OK  [0m] Started Authorization Manager.
[[0;32m  OK  [0m] Started Accounts Service.
[[0;32m  OK  [0m] Started LSB: automatic crash report generation.
[[0;32m  OK  [0m] Started Snap Daemon.
         Starting Wait until snapd is fully seeded...
         Starting Time & Date Service...
[[0;32m  OK  [0m] Started Time & Date Service.
[[0;32m  OK  [0m] Started Wait until snapd is fully seeded.
         Starting Apply the settings specified in cloud-config...
[   14.862512] cloud-init[1218]: Cloud-init v. 22.3.4-0ubuntu1~18.04.1 running 'modules:config' at Tue, 15 Nov 2022 15:36:52 +0000. Up 14.74 seconds.
[[0;32m  OK  [0m] Started Apply the settings specified in cloud-config.
[[0;32m  OK  [0m] Reached target Multi-User System.
[[0;32m  OK  [0m] Reached target Graphical Interface.
         Starting Execute cloud user/final scripts...
         Starting Update UTMP about System Runlevel Changes...
[[0;32m  OK  [0m] Started Update UTMP about System Runlevel Changes.
[   15.447663] cloud-init[1257]: Cloud-init v. 22.3.4-0ubuntu1~18.04.1 running 'modules:final' at Tue, 15 Nov 2022 15:36:53 +0000. Up 15.32 seconds.
[   15.451322] cloud-init[1257]: Cloud-init v. 22.3.4-0ubuntu1~18.04.1 finished at Tue, 15 Nov 2022 15:36:53 +0000. Datasource DataSourceNoCloud [seed=/dev/sdb][dsmode=net].  Up 15.43 seconds
[[0;32m  OK  [0m] Started Execute cloud user/final scripts.
[[0;32m  OK  [0m] Reached target Cloud-init target.

Ubuntu 18.04.6 LTS ubuntu-bionic ttyS0

ubuntu-bionic login: 